{"name":"testCompraVentaDolares","id":"com.MacroQA.aplicativo.runnerSuite.MacroInversionesRunnerSuite:testCompraVentaDolares","testCaseName":"com.MacroQA.aplicativo.runnerSuite.MacroInversionesRunnerSuite","testSteps":[{"number":1,"description":"Test compra venta dolares ","duration":45004,"startTime":"2020-05-18T14:19:34.409-03:00[America/Buenos_Aires]","exception":{"errorType":"net.thucydides.core.webdriver.exceptions.ElementShouldBeEnabledException","message":"The following error occurred: The following error occurred: Expected enabled element was not enabled\nBuild info: version: \u00273.8.1\u0027, revision: \u00276e95a6684b\u0027, time: \u00272017-12-01T18:33:54.468Z\u0027\nSystem info: host: \u0027N-150\u0027, ip: \u002710.1.50.15\u0027, os.name: \u0027Windows 10\u0027, os.arch: \u0027amd64\u0027, os.version: \u002710.0\u0027, java.version: \u00271.8.0_181\u0027\nDriver info: driver.version: unknown\nBuild info: version: \u00273.8.1\u0027, revision: \u00276e95a6684b\u0027, time: \u00272017-12-01T18:33:54.468Z\u0027\nSystem info: host: \u0027N-150\u0027, ip: \u002710.1.50.15\u0027, os.name: \u0027Windows 10\u0027, os.arch: \u0027amd64\u0027, os.version: \u002710.0\u0027, java.version: \u00271.8.0_181\u0027\nDriver info: driver.version: unknown","stackTrace":[{"declaringClass":"com.MacroQA.aplicativo.pageObject.macroInversionesPageObject","methodName":"inversiones","fileName":"macroInversionesPageObject.java","lineNumber":84},{"declaringClass":"com.MacroQA.aplicativo.pageObject.macroInversionesPageObject","methodName":"compraVentaDolares","fileName":"macroInversionesPageObject.java","lineNumber":102},{"declaringClass":"com.MacroQA.aplicativo.steps.macroInversionesSteps","methodName":"compraVentaDolares","fileName":"macroInversionesSteps.java","lineNumber":29},{"declaringClass":"com.MacroQA.aplicativo.runnerSuite.MacroInversionesRunnerSuite","methodName":"testCompraVentaDolares","fileName":"MacroInversionesRunnerSuite.java","lineNumber":45},{"declaringClass":"org.eclipse.jdt.internal.junit4.runner.JUnit4TestReference","methodName":"run","fileName":"JUnit4TestReference.java","lineNumber":89},{"declaringClass":"org.eclipse.jdt.internal.junit.runner.TestExecution","methodName":"run","fileName":"TestExecution.java","lineNumber":41},{"declaringClass":"org.eclipse.jdt.internal.junit.runner.RemoteTestRunner","methodName":"runTests","fileName":"RemoteTestRunner.java","lineNumber":542},{"declaringClass":"org.eclipse.jdt.internal.junit.runner.RemoteTestRunner","methodName":"runTests","fileName":"RemoteTestRunner.java","lineNumber":770},{"declaringClass":"org.eclipse.jdt.internal.junit.runner.RemoteTestRunner","methodName":"run","fileName":"RemoteTestRunner.java","lineNumber":464},{"declaringClass":"org.eclipse.jdt.internal.junit.runner.RemoteTestRunner","methodName":"main","fileName":"RemoteTestRunner.java","lineNumber":210}]},"result":"FAILURE","precondition":false,"children":[{"number":2,"description":"Iniciar sesion: \u003c\u003c\u003c\u003c\u003c\u003c\u003c HEAD, \u003cnull\u003e","duration":18894,"startTime":"2020-05-18T14:05:54.945-03:00[America/Buenos_Aires]","screenshots":[{"screenshot":"18436750052a92df0f79afc6e46fbe9287f9bec3a73906e85b22ff627ccefe82.png"},{"screenshot":"edc06645c1d21a3f7f9b20a58c90e69fadae3c917277b72fcc93cf00c6ac5f62.png"}],"result":"SUCCESS","precondition":false},{"number":3,"description":"Compra venta dolares","duration":26107,"startTime":"2020-05-18T14:06:13.845-03:00[America/Buenos_Aires]","exception":{"errorType":"net.thucydides.core.webdriver.exceptions.ElementShouldBeEnabledException","message":"The following error occurred: Expected enabled element was not enabled","stackTrace":[{"declaringClass":"com.MacroQA.aplicativo.pageObject.macroInversionesPageObject","methodName":"inversiones","fileName":"macroInversionesPageObject.java","lineNumber":84},{"declaringClass":"com.MacroQA.aplicativo.pageObject.macroInversionesPageObject","methodName":"compraVentaDolares","fileName":"macroInversionesPageObject.java","lineNumber":102},{"declaringClass":"com.MacroQA.aplicativo.steps.macroInversionesSteps","methodName":"compraVentaDolares","fileName":"macroInversionesSteps.java","lineNumber":29},{"declaringClass":"com.MacroQA.aplicativo.runnerSuite.MacroInversionesRunnerSuite","methodName":"testCompraVentaDolares","fileName":"MacroInversionesRunnerSuite.java","lineNumber":45},{"declaringClass":"org.eclipse.jdt.internal.junit4.runner.JUnit4TestReference","methodName":"run","fileName":"JUnit4TestReference.java","lineNumber":89},{"declaringClass":"org.eclipse.jdt.internal.junit.runner.TestExecution","methodName":"run","fileName":"TestExecution.java","lineNumber":41},{"declaringClass":"org.eclipse.jdt.internal.junit.runner.RemoteTestRunner","methodName":"runTests","fileName":"RemoteTestRunner.java","lineNumber":542},{"declaringClass":"org.eclipse.jdt.internal.junit.runner.RemoteTestRunner","methodName":"runTests","fileName":"RemoteTestRunner.java","lineNumber":770},{"declaringClass":"org.eclipse.jdt.internal.junit.runner.RemoteTestRunner","methodName":"run","fileName":"RemoteTestRunner.java","lineNumber":464},{"declaringClass":"org.eclipse.jdt.internal.junit.runner.RemoteTestRunner","methodName":"main","fileName":"RemoteTestRunner.java","lineNumber":210}],"rootCause":{"errorType":"org.openqa.selenium.TimeoutException","message":"Expected condition failed: waiting for macroInversionesPageObject.btnInversiones to be enabled (tried for 5 second(s) with 100 MILLISECONDS interval)","stackTrace":[{"declaringClass":"com.MacroQA.aplicativo.pageObject.macroInversionesPageObject","methodName":"inversiones","fileName":"macroInversionesPageObject.java","lineNumber":84},{"declaringClass":"com.MacroQA.aplicativo.pageObject.macroInversionesPageObject","methodName":"compraVentaDolares","fileName":"macroInversionesPageObject.java","lineNumber":102},{"declaringClass":"com.MacroQA.aplicativo.steps.macroInversionesSteps","methodName":"compraVentaDolares","fileName":"macroInversionesSteps.java","lineNumber":29},{"declaringClass":"com.MacroQA.aplicativo.runnerSuite.MacroInversionesRunnerSuite","methodName":"testCompraVentaDolares","fileName":"MacroInversionesRunnerSuite.java","lineNumber":45},{"declaringClass":"org.eclipse.jdt.internal.junit4.runner.JUnit4TestReference","methodName":"run","fileName":"JUnit4TestReference.java","lineNumber":89},{"declaringClass":"org.eclipse.jdt.internal.junit.runner.TestExecution","methodName":"run","fileName":"TestExecution.java","lineNumber":41},{"declaringClass":"org.eclipse.jdt.internal.junit.runner.RemoteTestRunner","methodName":"runTests","fileName":"RemoteTestRunner.java","lineNumber":542},{"declaringClass":"org.eclipse.jdt.internal.junit.runner.RemoteTestRunner","methodName":"runTests","fileName":"RemoteTestRunner.java","lineNumber":770},{"declaringClass":"org.eclipse.jdt.internal.junit.runner.RemoteTestRunner","methodName":"run","fileName":"RemoteTestRunner.java","lineNumber":464},{"declaringClass":"org.eclipse.jdt.internal.junit.runner.RemoteTestRunner","methodName":"main","fileName":"RemoteTestRunner.java","lineNumber":210}],"rootCause":{"errorType":"org.openqa.selenium.NoSuchElementException","message":"Timed out after 10 seconds. Element not found\nFor documentation on this error, please visit: http://seleniumhq.org/exceptions/no_such_element.html\nBuild info: version: \u00273.8.1\u0027, revision: \u00276e95a6684b\u0027, time: \u00272017-12-01T18:33:54.468Z\u0027\nSystem info: host: \u0027N-150\u0027, ip: \u002710.1.50.15\u0027, os.name: \u0027Windows 10\u0027, os.arch: \u0027amd64\u0027, os.version: \u002710.0\u0027, java.version: \u00271.8.0_181\u0027\nDriver info: driver.version: unknown","stackTrace":[{"declaringClass":"com.MacroQA.aplicativo.pageObject.macroInversionesPageObject","methodName":"inversiones","fileName":"macroInversionesPageObject.java","lineNumber":84},{"declaringClass":"com.MacroQA.aplicativo.pageObject.macroInversionesPageObject","methodName":"compraVentaDolares","fileName":"macroInversionesPageObject.java","lineNumber":102},{"declaringClass":"com.MacroQA.aplicativo.steps.macroInversionesSteps","methodName":"compraVentaDolares","fileName":"macroInversionesSteps.java","lineNumber":29},{"declaringClass":"com.MacroQA.aplicativo.runnerSuite.MacroInversionesRunnerSuite","methodName":"testCompraVentaDolares","fileName":"MacroInversionesRunnerSuite.java","lineNumber":45},{"declaringClass":"org.eclipse.jdt.internal.junit4.runner.JUnit4TestReference","methodName":"run","fileName":"JUnit4TestReference.java","lineNumber":89},{"declaringClass":"org.eclipse.jdt.internal.junit.runner.TestExecution","methodName":"run","fileName":"TestExecution.java","lineNumber":41},{"declaringClass":"org.eclipse.jdt.internal.junit.runner.RemoteTestRunner","methodName":"runTests","fileName":"RemoteTestRunner.java","lineNumber":542},{"declaringClass":"org.eclipse.jdt.internal.junit.runner.RemoteTestRunner","methodName":"runTests","fileName":"RemoteTestRunner.java","lineNumber":770},{"declaringClass":"org.eclipse.jdt.internal.junit.runner.RemoteTestRunner","methodName":"run","fileName":"RemoteTestRunner.java","lineNumber":464},{"declaringClass":"org.eclipse.jdt.internal.junit.runner.RemoteTestRunner","methodName":"main","fileName":"RemoteTestRunner.java","lineNumber":210}]}}},"result":"FAILURE","precondition":false},{"number":4,"description":"Cerrar sesion","duration":3,"startTime":"2020-05-18T14:06:39.959-03:00[America/Buenos_Aires]","result":"SKIPPED","precondition":false}]},{"number":5,"description":"Test compra venta dolares ","duration":28041,"startTime":"2020-05-18T14:19:34.929-03:00[America/Buenos_Aires]","exception":{"errorType":"org.openqa.selenium.WebDriverException","message":"The following error occurred: The following error occurred: chrome not reachable\n  (Session info: chrome\u003d81.0.4044.138)\nBuild info: version: \u00273.8.1\u0027, revision: \u00276e95a6684b\u0027, time: \u00272017-12-01T18:33:54.468Z\u0027\nSystem info: host: \u0027N-150\u0027, ip: \u002710.1.50.15\u0027, os.name: \u0027Windows 10\u0027, os.arch: \u0027amd64\u0027, os.version: \u002710.0\u0027, java.version: \u00271.8.0_181\u0027\nDriver info: org.openqa.selenium.remote.RemoteWebDriver\nCapabilities {acceptInsecureCerts: false, browserName: chrome, browserVersion: 81.0.4044.138, chrome: {chromedriverVersion: 80.0.3987.106 (f68069574609..., userDataDir: C:\\Users\\MAANA~1.N-1\\AppDat...}, goog:chromeOptions: {debuggerAddress: localhost:60934}, javascriptEnabled: true, networkConnectionEnabled: false, pageLoadStrategy: normal, platform: WINDOWS, platformName: WINDOWS, proxy: Proxy(), setWindowRect: true, strictFileInteractability: false, timeouts: {implicit: 0, pageLoad: 300000, script: 30000}, unhandledPromptBehavior: dismiss and notify}\nSession ID: 7a00fbaf1942eea698d2014ddbcfe174\nBuild info: version: \u00273.8.1\u0027, revision: \u00276e95a6684b\u0027, time: \u00272017-12-01T18:33:54.468Z\u0027\nSystem info: host: \u0027N-150\u0027, ip: \u002710.1.50.15\u0027, os.name: \u0027Windows 10\u0027, os.arch: \u0027amd64\u0027, os.version: \u002710.0\u0027, java.version: \u00271.8.0_181\u0027\nDriver info: driver.version: unknown\nBuild info: version: \u00273.8.1\u0027, revision: \u00276e95a6684b\u0027, time: \u00272017-12-01T18:33:54.468Z\u0027\nSystem info: host: \u0027N-150\u0027, ip: \u002710.1.50.15\u0027, os.name: \u0027Windows 10\u0027, os.arch: \u0027amd64\u0027, os.version: \u002710.0\u0027, java.version: \u00271.8.0_181\u0027\nDriver info: driver.version: unknown","stackTrace":[{"declaringClass":"com.MacroQA.aplicativo.steps.macroInversionesSteps","methodName":"iniciarSesion","fileName":"macroInversionesSteps.java","lineNumber":13},{"declaringClass":"com.MacroQA.aplicativo.runnerSuite.MacroInversionesRunnerSuite","methodName":"testCompraVentaDolares","fileName":"MacroInversionesRunnerSuite.java","lineNumber":44},{"declaringClass":"org.eclipse.jdt.internal.junit4.runner.JUnit4TestReference","methodName":"run","fileName":"JUnit4TestReference.java","lineNumber":89},{"declaringClass":"org.eclipse.jdt.internal.junit.runner.TestExecution","methodName":"run","fileName":"TestExecution.java","lineNumber":41},{"declaringClass":"org.eclipse.jdt.internal.junit.runner.RemoteTestRunner","methodName":"runTests","fileName":"RemoteTestRunner.java","lineNumber":542},{"declaringClass":"org.eclipse.jdt.internal.junit.runner.RemoteTestRunner","methodName":"runTests","fileName":"RemoteTestRunner.java","lineNumber":770},{"declaringClass":"org.eclipse.jdt.internal.junit.runner.RemoteTestRunner","methodName":"run","fileName":"RemoteTestRunner.java","lineNumber":464},{"declaringClass":"org.eclipse.jdt.internal.junit.runner.RemoteTestRunner","methodName":"main","fileName":"RemoteTestRunner.java","lineNumber":210}]},"result":"ERROR","precondition":false,"children":[{"number":6,"description":"Iniciar sesion: waltercopa, rr225588","duration":28039,"startTime":"2020-05-18T14:08:15.186-03:00[America/Buenos_Aires]","exception":{"errorType":"org.openqa.selenium.WebDriverException","message":"The following error occurred: chrome not reachable\n  (Session info: chrome\u003d81.0.4044.138)\nBuild info: version: \u00273.8.1\u0027, revision: \u00276e95a6684b\u0027, time: \u00272017-12-01T18:33:54.468Z\u0027\nSystem info: host: \u0027N-150\u0027, ip: \u002710.1.50.15\u0027, os.name: \u0027Windows 10\u0027, os.arch: \u0027amd64\u0027, os.version: \u002710.0\u0027, java.version: \u00271.8.0_181\u0027\nDriver info: org.openqa.selenium.remote.RemoteWebDriver\nCapabilities {acceptInsecureCerts: false, browserName: chrome, browserVersion: 81.0.4044.138, chrome: {chromedriverVersion: 80.0.3987.106 (f68069574609..., userDataDir: C:\\Users\\MAANA~1.N-1\\AppDat...}, goog:chromeOptions: {debuggerAddress: localhost:60934}, javascriptEnabled: true, networkConnectionEnabled: false, pageLoadStrategy: normal, platform: WINDOWS, platformName: WINDOWS, proxy: Proxy(), setWindowRect: true, strictFileInteractability: false, timeouts: {implicit: 0, pageLoad: 300000, script: 30000}, unhandledPromptBehavior: dismiss and notify}\nSession ID: 7a00fbaf1942eea698d2014ddbcfe174","stackTrace":[{"declaringClass":"com.MacroQA.aplicativo.steps.macroInversionesSteps","methodName":"iniciarSesion","fileName":"macroInversionesSteps.java","lineNumber":13},{"declaringClass":"com.MacroQA.aplicativo.runnerSuite.MacroInversionesRunnerSuite","methodName":"testCompraVentaDolares","fileName":"MacroInversionesRunnerSuite.java","lineNumber":44},{"declaringClass":"org.eclipse.jdt.internal.junit4.runner.JUnit4TestReference","methodName":"run","fileName":"JUnit4TestReference.java","lineNumber":89},{"declaringClass":"org.eclipse.jdt.internal.junit.runner.TestExecution","methodName":"run","fileName":"TestExecution.java","lineNumber":41},{"declaringClass":"org.eclipse.jdt.internal.junit.runner.RemoteTestRunner","methodName":"runTests","fileName":"RemoteTestRunner.java","lineNumber":542},{"declaringClass":"org.eclipse.jdt.internal.junit.runner.RemoteTestRunner","methodName":"runTests","fileName":"RemoteTestRunner.java","lineNumber":770},{"declaringClass":"org.eclipse.jdt.internal.junit.runner.RemoteTestRunner","methodName":"run","fileName":"RemoteTestRunner.java","lineNumber":464},{"declaringClass":"org.eclipse.jdt.internal.junit.runner.RemoteTestRunner","methodName":"main","fileName":"RemoteTestRunner.java","lineNumber":210}]},"result":"ERROR","precondition":false},{"number":7,"description":"Compra venta dolares","duration":1,"startTime":"2020-05-18T14:08:43.256-03:00[America/Buenos_Aires]","result":"SKIPPED","precondition":false},{"number":8,"description":"Cerrar sesion","duration":1,"startTime":"2020-05-18T14:08:43.258-03:00[America/Buenos_Aires]","result":"SKIPPED","precondition":false}]},{"number":9,"description":"Test compra venta dolares ","duration":28043,"startTime":"2020-05-18T14:19:34.932-03:00[America/Buenos_Aires]","exception":{"errorType":"org.openqa.selenium.WebDriverException","message":"The following error occurred: The following error occurred: chrome not reachable\n  (Session info: chrome\u003d81.0.4044.138)\nBuild info: version: \u00273.8.1\u0027, revision: \u00276e95a6684b\u0027, time: \u00272017-12-01T18:33:54.468Z\u0027\nSystem info: host: \u0027N-150\u0027, ip: \u002710.1.50.15\u0027, os.name: \u0027Windows 10\u0027, os.arch: \u0027amd64\u0027, os.version: \u002710.0\u0027, java.version: \u00271.8.0_181\u0027\nDriver info: org.openqa.selenium.remote.RemoteWebDriver\nCapabilities {acceptInsecureCerts: false, browserName: chrome, browserVersion: 81.0.4044.138, chrome: {chromedriverVersion: 80.0.3987.106 (f68069574609..., userDataDir: C:\\Users\\MAANA~1.N-1\\AppDat...}, goog:chromeOptions: {debuggerAddress: localhost:60934}, javascriptEnabled: true, networkConnectionEnabled: false, pageLoadStrategy: normal, platform: WINDOWS, platformName: WINDOWS, proxy: Proxy(), setWindowRect: true, strictFileInteractability: false, timeouts: {implicit: 0, pageLoad: 300000, script: 30000}, unhandledPromptBehavior: dismiss and notify}\nSession ID: 7a00fbaf1942eea698d2014ddbcfe174\nBuild info: version: \u00273.8.1\u0027, revision: \u00276e95a6684b\u0027, time: \u00272017-12-01T18:33:54.468Z\u0027\nSystem info: host: \u0027N-150\u0027, ip: \u002710.1.50.15\u0027, os.name: \u0027Windows 10\u0027, os.arch: \u0027amd64\u0027, os.version: \u002710.0\u0027, java.version: \u00271.8.0_181\u0027\nDriver info: driver.version: unknown\nBuild info: version: \u00273.8.1\u0027, revision: \u00276e95a6684b\u0027, time: \u00272017-12-01T18:33:54.468Z\u0027\nSystem info: host: \u0027N-150\u0027, ip: \u002710.1.50.15\u0027, os.name: \u0027Windows 10\u0027, os.arch: \u0027amd64\u0027, os.version: \u002710.0\u0027, java.version: \u00271.8.0_181\u0027\nDriver info: driver.version: unknown","stackTrace":[{"declaringClass":"com.MacroQA.aplicativo.steps.macroInversionesSteps","methodName":"iniciarSesion","fileName":"macroInversionesSteps.java","lineNumber":13},{"declaringClass":"com.MacroQA.aplicativo.runnerSuite.MacroInversionesRunnerSuite","methodName":"testCompraVentaDolares","fileName":"MacroInversionesRunnerSuite.java","lineNumber":44},{"declaringClass":"org.eclipse.jdt.internal.junit4.runner.JUnit4TestReference","methodName":"run","fileName":"JUnit4TestReference.java","lineNumber":89},{"declaringClass":"org.eclipse.jdt.internal.junit.runner.TestExecution","methodName":"run","fileName":"TestExecution.java","lineNumber":41},{"declaringClass":"org.eclipse.jdt.internal.junit.runner.RemoteTestRunner","methodName":"runTests","fileName":"RemoteTestRunner.java","lineNumber":542},{"declaringClass":"org.eclipse.jdt.internal.junit.runner.RemoteTestRunner","methodName":"runTests","fileName":"RemoteTestRunner.java","lineNumber":770},{"declaringClass":"org.eclipse.jdt.internal.junit.runner.RemoteTestRunner","methodName":"run","fileName":"RemoteTestRunner.java","lineNumber":464},{"declaringClass":"org.eclipse.jdt.internal.junit.runner.RemoteTestRunner","methodName":"main","fileName":"RemoteTestRunner.java","lineNumber":210}]},"result":"ERROR","precondition":false,"children":[{"number":10,"description":"Iniciar sesion: mauroruffini, rr225588","duration":28042,"startTime":"2020-05-18T14:10:08.420-03:00[America/Buenos_Aires]","exception":{"errorType":"org.openqa.selenium.WebDriverException","message":"The following error occurred: chrome not reachable\n  (Session info: chrome\u003d81.0.4044.138)\nBuild info: version: \u00273.8.1\u0027, revision: \u00276e95a6684b\u0027, time: \u00272017-12-01T18:33:54.468Z\u0027\nSystem info: host: \u0027N-150\u0027, ip: \u002710.1.50.15\u0027, os.name: \u0027Windows 10\u0027, os.arch: \u0027amd64\u0027, os.version: \u002710.0\u0027, java.version: \u00271.8.0_181\u0027\nDriver info: org.openqa.selenium.remote.RemoteWebDriver\nCapabilities {acceptInsecureCerts: false, browserName: chrome, browserVersion: 81.0.4044.138, chrome: {chromedriverVersion: 80.0.3987.106 (f68069574609..., userDataDir: C:\\Users\\MAANA~1.N-1\\AppDat...}, goog:chromeOptions: {debuggerAddress: localhost:60934}, javascriptEnabled: true, networkConnectionEnabled: false, pageLoadStrategy: normal, platform: WINDOWS, platformName: WINDOWS, proxy: Proxy(), setWindowRect: true, strictFileInteractability: false, timeouts: {implicit: 0, pageLoad: 300000, script: 30000}, unhandledPromptBehavior: dismiss and notify}\nSession ID: 7a00fbaf1942eea698d2014ddbcfe174","stackTrace":[{"declaringClass":"com.MacroQA.aplicativo.steps.macroInversionesSteps","methodName":"iniciarSesion","fileName":"macroInversionesSteps.java","lineNumber":13},{"declaringClass":"com.MacroQA.aplicativo.runnerSuite.MacroInversionesRunnerSuite","methodName":"testCompraVentaDolares","fileName":"MacroInversionesRunnerSuite.java","lineNumber":44},{"declaringClass":"org.eclipse.jdt.internal.junit4.runner.JUnit4TestReference","methodName":"run","fileName":"JUnit4TestReference.java","lineNumber":89},{"declaringClass":"org.eclipse.jdt.internal.junit.runner.TestExecution","methodName":"run","fileName":"TestExecution.java","lineNumber":41},{"declaringClass":"org.eclipse.jdt.internal.junit.runner.RemoteTestRunner","methodName":"runTests","fileName":"RemoteTestRunner.java","lineNumber":542},{"declaringClass":"org.eclipse.jdt.internal.junit.runner.RemoteTestRunner","methodName":"runTests","fileName":"RemoteTestRunner.java","lineNumber":770},{"declaringClass":"org.eclipse.jdt.internal.junit.runner.RemoteTestRunner","methodName":"run","fileName":"RemoteTestRunner.java","lineNumber":464},{"declaringClass":"org.eclipse.jdt.internal.junit.runner.RemoteTestRunner","methodName":"main","fileName":"RemoteTestRunner.java","lineNumber":210}]},"result":"ERROR","precondition":false},{"number":11,"description":"Compra venta dolares","duration":0,"startTime":"2020-05-18T14:10:36.464-03:00[America/Buenos_Aires]","result":"SKIPPED","precondition":false},{"number":12,"description":"Cerrar sesion","duration":1,"startTime":"2020-05-18T14:10:36.466-03:00[America/Buenos_Aires]","result":"SKIPPED","precondition":false}]},{"number":13,"description":"Test compra venta dolares ","duration":28039,"startTime":"2020-05-18T14:19:34.934-03:00[America/Buenos_Aires]","exception":{"errorType":"org.openqa.selenium.WebDriverException","message":"The following error occurred: The following error occurred: chrome not reachable\n  (Session info: chrome\u003d81.0.4044.138)\nBuild info: version: \u00273.8.1\u0027, revision: \u00276e95a6684b\u0027, time: \u00272017-12-01T18:33:54.468Z\u0027\nSystem info: host: \u0027N-150\u0027, ip: \u002710.1.50.15\u0027, os.name: \u0027Windows 10\u0027, os.arch: \u0027amd64\u0027, os.version: \u002710.0\u0027, java.version: \u00271.8.0_181\u0027\nDriver info: org.openqa.selenium.remote.RemoteWebDriver\nCapabilities {acceptInsecureCerts: false, browserName: chrome, browserVersion: 81.0.4044.138, chrome: {chromedriverVersion: 80.0.3987.106 (f68069574609..., userDataDir: C:\\Users\\MAANA~1.N-1\\AppDat...}, goog:chromeOptions: {debuggerAddress: localhost:60934}, javascriptEnabled: true, networkConnectionEnabled: false, pageLoadStrategy: normal, platform: WINDOWS, platformName: WINDOWS, proxy: Proxy(), setWindowRect: true, strictFileInteractability: false, timeouts: {implicit: 0, pageLoad: 300000, script: 30000}, unhandledPromptBehavior: dismiss and notify}\nSession ID: 7a00fbaf1942eea698d2014ddbcfe174\nBuild info: version: \u00273.8.1\u0027, revision: \u00276e95a6684b\u0027, time: \u00272017-12-01T18:33:54.468Z\u0027\nSystem info: host: \u0027N-150\u0027, ip: \u002710.1.50.15\u0027, os.name: \u0027Windows 10\u0027, os.arch: \u0027amd64\u0027, os.version: \u002710.0\u0027, java.version: \u00271.8.0_181\u0027\nDriver info: driver.version: unknown\nBuild info: version: \u00273.8.1\u0027, revision: \u00276e95a6684b\u0027, time: \u00272017-12-01T18:33:54.468Z\u0027\nSystem info: host: \u0027N-150\u0027, ip: \u002710.1.50.15\u0027, os.name: \u0027Windows 10\u0027, os.arch: \u0027amd64\u0027, os.version: \u002710.0\u0027, java.version: \u00271.8.0_181\u0027\nDriver info: driver.version: unknown","stackTrace":[{"declaringClass":"com.MacroQA.aplicativo.steps.macroInversionesSteps","methodName":"iniciarSesion","fileName":"macroInversionesSteps.java","lineNumber":13},{"declaringClass":"com.MacroQA.aplicativo.runnerSuite.MacroInversionesRunnerSuite","methodName":"testCompraVentaDolares","fileName":"MacroInversionesRunnerSuite.java","lineNumber":44},{"declaringClass":"org.eclipse.jdt.internal.junit4.runner.JUnit4TestReference","methodName":"run","fileName":"JUnit4TestReference.java","lineNumber":89},{"declaringClass":"org.eclipse.jdt.internal.junit.runner.TestExecution","methodName":"run","fileName":"TestExecution.java","lineNumber":41},{"declaringClass":"org.eclipse.jdt.internal.junit.runner.RemoteTestRunner","methodName":"runTests","fileName":"RemoteTestRunner.java","lineNumber":542},{"declaringClass":"org.eclipse.jdt.internal.junit.runner.RemoteTestRunner","methodName":"runTests","fileName":"RemoteTestRunner.java","lineNumber":770},{"declaringClass":"org.eclipse.jdt.internal.junit.runner.RemoteTestRunner","methodName":"run","fileName":"RemoteTestRunner.java","lineNumber":464},{"declaringClass":"org.eclipse.jdt.internal.junit.runner.RemoteTestRunner","methodName":"main","fileName":"RemoteTestRunner.java","lineNumber":210}]},"result":"ERROR","precondition":false,"children":[{"number":14,"description":"Iniciar sesion: \u003d\u003d\u003d\u003d\u003d\u003d\u003d, \u003cnull\u003e","duration":28038,"startTime":"2020-05-18T14:12:01.605-03:00[America/Buenos_Aires]","exception":{"errorType":"org.openqa.selenium.WebDriverException","message":"The following error occurred: chrome not reachable\n  (Session info: chrome\u003d81.0.4044.138)\nBuild info: version: \u00273.8.1\u0027, revision: \u00276e95a6684b\u0027, time: \u00272017-12-01T18:33:54.468Z\u0027\nSystem info: host: \u0027N-150\u0027, ip: \u002710.1.50.15\u0027, os.name: \u0027Windows 10\u0027, os.arch: \u0027amd64\u0027, os.version: \u002710.0\u0027, java.version: \u00271.8.0_181\u0027\nDriver info: org.openqa.selenium.remote.RemoteWebDriver\nCapabilities {acceptInsecureCerts: false, browserName: chrome, browserVersion: 81.0.4044.138, chrome: {chromedriverVersion: 80.0.3987.106 (f68069574609..., userDataDir: C:\\Users\\MAANA~1.N-1\\AppDat...}, goog:chromeOptions: {debuggerAddress: localhost:60934}, javascriptEnabled: true, networkConnectionEnabled: false, pageLoadStrategy: normal, platform: WINDOWS, platformName: WINDOWS, proxy: Proxy(), setWindowRect: true, strictFileInteractability: false, timeouts: {implicit: 0, pageLoad: 300000, script: 30000}, unhandledPromptBehavior: dismiss and notify}\nSession ID: 7a00fbaf1942eea698d2014ddbcfe174","stackTrace":[{"declaringClass":"com.MacroQA.aplicativo.steps.macroInversionesSteps","methodName":"iniciarSesion","fileName":"macroInversionesSteps.java","lineNumber":13},{"declaringClass":"com.MacroQA.aplicativo.runnerSuite.MacroInversionesRunnerSuite","methodName":"testCompraVentaDolares","fileName":"MacroInversionesRunnerSuite.java","lineNumber":44},{"declaringClass":"org.eclipse.jdt.internal.junit4.runner.JUnit4TestReference","methodName":"run","fileName":"JUnit4TestReference.java","lineNumber":89},{"declaringClass":"org.eclipse.jdt.internal.junit.runner.TestExecution","methodName":"run","fileName":"TestExecution.java","lineNumber":41},{"declaringClass":"org.eclipse.jdt.internal.junit.runner.RemoteTestRunner","methodName":"runTests","fileName":"RemoteTestRunner.java","lineNumber":542},{"declaringClass":"org.eclipse.jdt.internal.junit.runner.RemoteTestRunner","methodName":"runTests","fileName":"RemoteTestRunner.java","lineNumber":770},{"declaringClass":"org.eclipse.jdt.internal.junit.runner.RemoteTestRunner","methodName":"run","fileName":"RemoteTestRunner.java","lineNumber":464},{"declaringClass":"org.eclipse.jdt.internal.junit.runner.RemoteTestRunner","methodName":"main","fileName":"RemoteTestRunner.java","lineNumber":210}]},"result":"ERROR","precondition":false},{"number":15,"description":"Compra venta dolares","duration":1,"startTime":"2020-05-18T14:12:29.644-03:00[America/Buenos_Aires]","result":"SKIPPED","precondition":false},{"number":16,"description":"Cerrar sesion","duration":0,"startTime":"2020-05-18T14:12:29.646-03:00[America/Buenos_Aires]","result":"SKIPPED","precondition":false}]},{"number":17,"description":"Test compra venta dolares ","duration":28046,"startTime":"2020-05-18T14:19:34.936-03:00[America/Buenos_Aires]","exception":{"errorType":"org.openqa.selenium.WebDriverException","message":"The following error occurred: The following error occurred: chrome not reachable\n  (Session info: chrome\u003d81.0.4044.138)\nBuild info: version: \u00273.8.1\u0027, revision: \u00276e95a6684b\u0027, time: \u00272017-12-01T18:33:54.468Z\u0027\nSystem info: host: \u0027N-150\u0027, ip: \u002710.1.50.15\u0027, os.name: \u0027Windows 10\u0027, os.arch: \u0027amd64\u0027, os.version: \u002710.0\u0027, java.version: \u00271.8.0_181\u0027\nDriver info: org.openqa.selenium.remote.RemoteWebDriver\nCapabilities {acceptInsecureCerts: false, browserName: chrome, browserVersion: 81.0.4044.138, chrome: {chromedriverVersion: 80.0.3987.106 (f68069574609..., userDataDir: C:\\Users\\MAANA~1.N-1\\AppDat...}, goog:chromeOptions: {debuggerAddress: localhost:60934}, javascriptEnabled: true, networkConnectionEnabled: false, pageLoadStrategy: normal, platform: WINDOWS, platformName: WINDOWS, proxy: Proxy(), setWindowRect: true, strictFileInteractability: false, timeouts: {implicit: 0, pageLoad: 300000, script: 30000}, unhandledPromptBehavior: dismiss and notify}\nSession ID: 7a00fbaf1942eea698d2014ddbcfe174\nBuild info: version: \u00273.8.1\u0027, revision: \u00276e95a6684b\u0027, time: \u00272017-12-01T18:33:54.468Z\u0027\nSystem info: host: \u0027N-150\u0027, ip: \u002710.1.50.15\u0027, os.name: \u0027Windows 10\u0027, os.arch: \u0027amd64\u0027, os.version: \u002710.0\u0027, java.version: \u00271.8.0_181\u0027\nDriver info: driver.version: unknown\nBuild info: version: \u00273.8.1\u0027, revision: \u00276e95a6684b\u0027, time: \u00272017-12-01T18:33:54.468Z\u0027\nSystem info: host: \u0027N-150\u0027, ip: \u002710.1.50.15\u0027, os.name: \u0027Windows 10\u0027, os.arch: \u0027amd64\u0027, os.version: \u002710.0\u0027, java.version: \u00271.8.0_181\u0027\nDriver info: driver.version: unknown","stackTrace":[{"declaringClass":"com.MacroQA.aplicativo.steps.macroInversionesSteps","methodName":"iniciarSesion","fileName":"macroInversionesSteps.java","lineNumber":13},{"declaringClass":"com.MacroQA.aplicativo.runnerSuite.MacroInversionesRunnerSuite","methodName":"testCompraVentaDolares","fileName":"MacroInversionesRunnerSuite.java","lineNumber":44},{"declaringClass":"org.eclipse.jdt.internal.junit4.runner.JUnit4TestReference","methodName":"run","fileName":"JUnit4TestReference.java","lineNumber":89},{"declaringClass":"org.eclipse.jdt.internal.junit.runner.TestExecution","methodName":"run","fileName":"TestExecution.java","lineNumber":41},{"declaringClass":"org.eclipse.jdt.internal.junit.runner.RemoteTestRunner","methodName":"runTests","fileName":"RemoteTestRunner.java","lineNumber":542},{"declaringClass":"org.eclipse.jdt.internal.junit.runner.RemoteTestRunner","methodName":"runTests","fileName":"RemoteTestRunner.java","lineNumber":770},{"declaringClass":"org.eclipse.jdt.internal.junit.runner.RemoteTestRunner","methodName":"run","fileName":"RemoteTestRunner.java","lineNumber":464},{"declaringClass":"org.eclipse.jdt.internal.junit.runner.RemoteTestRunner","methodName":"main","fileName":"RemoteTestRunner.java","lineNumber":210}]},"result":"ERROR","precondition":false,"children":[{"number":18,"description":"Iniciar sesion: maballay, mm774411","duration":28044,"startTime":"2020-05-18T14:13:54.757-03:00[America/Buenos_Aires]","exception":{"errorType":"org.openqa.selenium.WebDriverException","message":"The following error occurred: chrome not reachable\n  (Session info: chrome\u003d81.0.4044.138)\nBuild info: version: \u00273.8.1\u0027, revision: \u00276e95a6684b\u0027, time: \u00272017-12-01T18:33:54.468Z\u0027\nSystem info: host: \u0027N-150\u0027, ip: \u002710.1.50.15\u0027, os.name: \u0027Windows 10\u0027, os.arch: \u0027amd64\u0027, os.version: \u002710.0\u0027, java.version: \u00271.8.0_181\u0027\nDriver info: org.openqa.selenium.remote.RemoteWebDriver\nCapabilities {acceptInsecureCerts: false, browserName: chrome, browserVersion: 81.0.4044.138, chrome: {chromedriverVersion: 80.0.3987.106 (f68069574609..., userDataDir: C:\\Users\\MAANA~1.N-1\\AppDat...}, goog:chromeOptions: {debuggerAddress: localhost:60934}, javascriptEnabled: true, networkConnectionEnabled: false, pageLoadStrategy: normal, platform: WINDOWS, platformName: WINDOWS, proxy: Proxy(), setWindowRect: true, strictFileInteractability: false, timeouts: {implicit: 0, pageLoad: 300000, script: 30000}, unhandledPromptBehavior: dismiss and notify}\nSession ID: 7a00fbaf1942eea698d2014ddbcfe174","stackTrace":[{"declaringClass":"com.MacroQA.aplicativo.steps.macroInversionesSteps","methodName":"iniciarSesion","fileName":"macroInversionesSteps.java","lineNumber":13},{"declaringClass":"com.MacroQA.aplicativo.runnerSuite.MacroInversionesRunnerSuite","methodName":"testCompraVentaDolares","fileName":"MacroInversionesRunnerSuite.java","lineNumber":44},{"declaringClass":"org.eclipse.jdt.internal.junit4.runner.JUnit4TestReference","methodName":"run","fileName":"JUnit4TestReference.java","lineNumber":89},{"declaringClass":"org.eclipse.jdt.internal.junit.runner.TestExecution","methodName":"run","fileName":"TestExecution.java","lineNumber":41},{"declaringClass":"org.eclipse.jdt.internal.junit.runner.RemoteTestRunner","methodName":"runTests","fileName":"RemoteTestRunner.java","lineNumber":542},{"declaringClass":"org.eclipse.jdt.internal.junit.runner.RemoteTestRunner","methodName":"runTests","fileName":"RemoteTestRunner.java","lineNumber":770},{"declaringClass":"org.eclipse.jdt.internal.junit.runner.RemoteTestRunner","methodName":"run","fileName":"RemoteTestRunner.java","lineNumber":464},{"declaringClass":"org.eclipse.jdt.internal.junit.runner.RemoteTestRunner","methodName":"main","fileName":"RemoteTestRunner.java","lineNumber":210}]},"result":"ERROR","precondition":false},{"number":19,"description":"Compra venta dolares","duration":1,"startTime":"2020-05-18T14:14:22.802-03:00[America/Buenos_Aires]","result":"SKIPPED","precondition":false},{"number":20,"description":"Cerrar sesion","duration":1,"startTime":"2020-05-18T14:14:22.804-03:00[America/Buenos_Aires]","result":"SKIPPED","precondition":false}]},{"number":21,"description":"Test compra venta dolares ","duration":28039,"startTime":"2020-05-18T14:19:34.938-03:00[America/Buenos_Aires]","exception":{"errorType":"org.openqa.selenium.WebDriverException","message":"The following error occurred: The following error occurred: chrome not reachable\n  (Session info: chrome\u003d81.0.4044.138)\nBuild info: version: \u00273.8.1\u0027, revision: \u00276e95a6684b\u0027, time: \u00272017-12-01T18:33:54.468Z\u0027\nSystem info: host: \u0027N-150\u0027, ip: \u002710.1.50.15\u0027, os.name: \u0027Windows 10\u0027, os.arch: \u0027amd64\u0027, os.version: \u002710.0\u0027, java.version: \u00271.8.0_181\u0027\nDriver info: org.openqa.selenium.remote.RemoteWebDriver\nCapabilities {acceptInsecureCerts: false, browserName: chrome, browserVersion: 81.0.4044.138, chrome: {chromedriverVersion: 80.0.3987.106 (f68069574609..., userDataDir: C:\\Users\\MAANA~1.N-1\\AppDat...}, goog:chromeOptions: {debuggerAddress: localhost:60934}, javascriptEnabled: true, networkConnectionEnabled: false, pageLoadStrategy: normal, platform: WINDOWS, platformName: WINDOWS, proxy: Proxy(), setWindowRect: true, strictFileInteractability: false, timeouts: {implicit: 0, pageLoad: 300000, script: 30000}, unhandledPromptBehavior: dismiss and notify}\nSession ID: 7a00fbaf1942eea698d2014ddbcfe174\nBuild info: version: \u00273.8.1\u0027, revision: \u00276e95a6684b\u0027, time: \u00272017-12-01T18:33:54.468Z\u0027\nSystem info: host: \u0027N-150\u0027, ip: \u002710.1.50.15\u0027, os.name: \u0027Windows 10\u0027, os.arch: \u0027amd64\u0027, os.version: \u002710.0\u0027, java.version: \u00271.8.0_181\u0027\nDriver info: driver.version: unknown\nBuild info: version: \u00273.8.1\u0027, revision: \u00276e95a6684b\u0027, time: \u00272017-12-01T18:33:54.468Z\u0027\nSystem info: host: \u0027N-150\u0027, ip: \u002710.1.50.15\u0027, os.name: \u0027Windows 10\u0027, os.arch: \u0027amd64\u0027, os.version: \u002710.0\u0027, java.version: \u00271.8.0_181\u0027\nDriver info: driver.version: unknown","stackTrace":[{"declaringClass":"com.MacroQA.aplicativo.steps.macroInversionesSteps","methodName":"iniciarSesion","fileName":"macroInversionesSteps.java","lineNumber":13},{"declaringClass":"com.MacroQA.aplicativo.runnerSuite.MacroInversionesRunnerSuite","methodName":"testCompraVentaDolares","fileName":"MacroInversionesRunnerSuite.java","lineNumber":44},{"declaringClass":"org.eclipse.jdt.internal.junit4.runner.JUnit4TestReference","methodName":"run","fileName":"JUnit4TestReference.java","lineNumber":89},{"declaringClass":"org.eclipse.jdt.internal.junit.runner.TestExecution","methodName":"run","fileName":"TestExecution.java","lineNumber":41},{"declaringClass":"org.eclipse.jdt.internal.junit.runner.RemoteTestRunner","methodName":"runTests","fileName":"RemoteTestRunner.java","lineNumber":542},{"declaringClass":"org.eclipse.jdt.internal.junit.runner.RemoteTestRunner","methodName":"runTests","fileName":"RemoteTestRunner.java","lineNumber":770},{"declaringClass":"org.eclipse.jdt.internal.junit.runner.RemoteTestRunner","methodName":"run","fileName":"RemoteTestRunner.java","lineNumber":464},{"declaringClass":"org.eclipse.jdt.internal.junit.runner.RemoteTestRunner","methodName":"main","fileName":"RemoteTestRunner.java","lineNumber":210}]},"result":"ERROR","precondition":false,"children":[{"number":22,"description":"Iniciar sesion: rsubelza, rr774411","duration":28038,"startTime":"2020-05-18T14:15:47.892-03:00[America/Buenos_Aires]","exception":{"errorType":"org.openqa.selenium.WebDriverException","message":"The following error occurred: chrome not reachable\n  (Session info: chrome\u003d81.0.4044.138)\nBuild info: version: \u00273.8.1\u0027, revision: \u00276e95a6684b\u0027, time: \u00272017-12-01T18:33:54.468Z\u0027\nSystem info: host: \u0027N-150\u0027, ip: \u002710.1.50.15\u0027, os.name: \u0027Windows 10\u0027, os.arch: \u0027amd64\u0027, os.version: \u002710.0\u0027, java.version: \u00271.8.0_181\u0027\nDriver info: org.openqa.selenium.remote.RemoteWebDriver\nCapabilities {acceptInsecureCerts: false, browserName: chrome, browserVersion: 81.0.4044.138, chrome: {chromedriverVersion: 80.0.3987.106 (f68069574609..., userDataDir: C:\\Users\\MAANA~1.N-1\\AppDat...}, goog:chromeOptions: {debuggerAddress: localhost:60934}, javascriptEnabled: true, networkConnectionEnabled: false, pageLoadStrategy: normal, platform: WINDOWS, platformName: WINDOWS, proxy: Proxy(), setWindowRect: true, strictFileInteractability: false, timeouts: {implicit: 0, pageLoad: 300000, script: 30000}, unhandledPromptBehavior: dismiss and notify}\nSession ID: 7a00fbaf1942eea698d2014ddbcfe174","stackTrace":[{"declaringClass":"com.MacroQA.aplicativo.steps.macroInversionesSteps","methodName":"iniciarSesion","fileName":"macroInversionesSteps.java","lineNumber":13},{"declaringClass":"com.MacroQA.aplicativo.runnerSuite.MacroInversionesRunnerSuite","methodName":"testCompraVentaDolares","fileName":"MacroInversionesRunnerSuite.java","lineNumber":44},{"declaringClass":"org.eclipse.jdt.internal.junit4.runner.JUnit4TestReference","methodName":"run","fileName":"JUnit4TestReference.java","lineNumber":89},{"declaringClass":"org.eclipse.jdt.internal.junit.runner.TestExecution","methodName":"run","fileName":"TestExecution.java","lineNumber":41},{"declaringClass":"org.eclipse.jdt.internal.junit.runner.RemoteTestRunner","methodName":"runTests","fileName":"RemoteTestRunner.java","lineNumber":542},{"declaringClass":"org.eclipse.jdt.internal.junit.runner.RemoteTestRunner","methodName":"runTests","fileName":"RemoteTestRunner.java","lineNumber":770},{"declaringClass":"org.eclipse.jdt.internal.junit.runner.RemoteTestRunner","methodName":"run","fileName":"RemoteTestRunner.java","lineNumber":464},{"declaringClass":"org.eclipse.jdt.internal.junit.runner.RemoteTestRunner","methodName":"main","fileName":"RemoteTestRunner.java","lineNumber":210}]},"result":"ERROR","precondition":false},{"number":23,"description":"Compra venta dolares","duration":1,"startTime":"2020-05-18T14:16:15.931-03:00[America/Buenos_Aires]","result":"SKIPPED","precondition":false},{"number":24,"description":"Cerrar sesion","duration":0,"startTime":"2020-05-18T14:16:15.933-03:00[America/Buenos_Aires]","result":"SKIPPED","precondition":false}]},{"number":25,"description":"Test compra venta dolares ","duration":28041,"startTime":"2020-05-18T14:19:34.941-03:00[America/Buenos_Aires]","exception":{"errorType":"org.openqa.selenium.WebDriverException","message":"The following error occurred: The following error occurred: chrome not reachable\n  (Session info: chrome\u003d81.0.4044.138)\nBuild info: version: \u00273.8.1\u0027, revision: \u00276e95a6684b\u0027, time: \u00272017-12-01T18:33:54.468Z\u0027\nSystem info: host: \u0027N-150\u0027, ip: \u002710.1.50.15\u0027, os.name: \u0027Windows 10\u0027, os.arch: \u0027amd64\u0027, os.version: \u002710.0\u0027, java.version: \u00271.8.0_181\u0027\nDriver info: org.openqa.selenium.remote.RemoteWebDriver\nCapabilities {acceptInsecureCerts: false, browserName: chrome, browserVersion: 81.0.4044.138, chrome: {chromedriverVersion: 80.0.3987.106 (f68069574609..., userDataDir: C:\\Users\\MAANA~1.N-1\\AppDat...}, goog:chromeOptions: {debuggerAddress: localhost:60934}, javascriptEnabled: true, networkConnectionEnabled: false, pageLoadStrategy: normal, platform: WINDOWS, platformName: WINDOWS, proxy: Proxy(), setWindowRect: true, strictFileInteractability: false, timeouts: {implicit: 0, pageLoad: 300000, script: 30000}, unhandledPromptBehavior: dismiss and notify}\nSession ID: 7a00fbaf1942eea698d2014ddbcfe174\nBuild info: version: \u00273.8.1\u0027, revision: \u00276e95a6684b\u0027, time: \u00272017-12-01T18:33:54.468Z\u0027\nSystem info: host: \u0027N-150\u0027, ip: \u002710.1.50.15\u0027, os.name: \u0027Windows 10\u0027, os.arch: \u0027amd64\u0027, os.version: \u002710.0\u0027, java.version: \u00271.8.0_181\u0027\nDriver info: driver.version: unknown\nBuild info: version: \u00273.8.1\u0027, revision: \u00276e95a6684b\u0027, time: \u00272017-12-01T18:33:54.468Z\u0027\nSystem info: host: \u0027N-150\u0027, ip: \u002710.1.50.15\u0027, os.name: \u0027Windows 10\u0027, os.arch: \u0027amd64\u0027, os.version: \u002710.0\u0027, java.version: \u00271.8.0_181\u0027\nDriver info: driver.version: unknown","stackTrace":[{"declaringClass":"com.MacroQA.aplicativo.steps.macroInversionesSteps","methodName":"iniciarSesion","fileName":"macroInversionesSteps.java","lineNumber":13},{"declaringClass":"com.MacroQA.aplicativo.runnerSuite.MacroInversionesRunnerSuite","methodName":"testCompraVentaDolares","fileName":"MacroInversionesRunnerSuite.java","lineNumber":44},{"declaringClass":"org.eclipse.jdt.internal.junit4.runner.JUnit4TestReference","methodName":"run","fileName":"JUnit4TestReference.java","lineNumber":89},{"declaringClass":"org.eclipse.jdt.internal.junit.runner.TestExecution","methodName":"run","fileName":"TestExecution.java","lineNumber":41},{"declaringClass":"org.eclipse.jdt.internal.junit.runner.RemoteTestRunner","methodName":"runTests","fileName":"RemoteTestRunner.java","lineNumber":542},{"declaringClass":"org.eclipse.jdt.internal.junit.runner.RemoteTestRunner","methodName":"runTests","fileName":"RemoteTestRunner.java","lineNumber":770},{"declaringClass":"org.eclipse.jdt.internal.junit.runner.RemoteTestRunner","methodName":"run","fileName":"RemoteTestRunner.java","lineNumber":464},{"declaringClass":"org.eclipse.jdt.internal.junit.runner.RemoteTestRunner","methodName":"main","fileName":"RemoteTestRunner.java","lineNumber":210}]},"result":"ERROR","precondition":false,"children":[{"number":26,"description":"Iniciar sesion: \u003e\u003e\u003e\u003e\u003e\u003e\u003e 4d799118eca0eb2334e9e887882e8a4b9b720a10, \u003cnull\u003e","duration":28040,"startTime":"2020-05-18T14:17:41.268-03:00[America/Buenos_Aires]","exception":{"errorType":"org.openqa.selenium.WebDriverException","message":"The following error occurred: chrome not reachable\n  (Session info: chrome\u003d81.0.4044.138)\nBuild info: version: \u00273.8.1\u0027, revision: \u00276e95a6684b\u0027, time: \u00272017-12-01T18:33:54.468Z\u0027\nSystem info: host: \u0027N-150\u0027, ip: \u002710.1.50.15\u0027, os.name: \u0027Windows 10\u0027, os.arch: \u0027amd64\u0027, os.version: \u002710.0\u0027, java.version: \u00271.8.0_181\u0027\nDriver info: org.openqa.selenium.remote.RemoteWebDriver\nCapabilities {acceptInsecureCerts: false, browserName: chrome, browserVersion: 81.0.4044.138, chrome: {chromedriverVersion: 80.0.3987.106 (f68069574609..., userDataDir: C:\\Users\\MAANA~1.N-1\\AppDat...}, goog:chromeOptions: {debuggerAddress: localhost:60934}, javascriptEnabled: true, networkConnectionEnabled: false, pageLoadStrategy: normal, platform: WINDOWS, platformName: WINDOWS, proxy: Proxy(), setWindowRect: true, strictFileInteractability: false, timeouts: {implicit: 0, pageLoad: 300000, script: 30000}, unhandledPromptBehavior: dismiss and notify}\nSession ID: 7a00fbaf1942eea698d2014ddbcfe174","stackTrace":[{"declaringClass":"com.MacroQA.aplicativo.steps.macroInversionesSteps","methodName":"iniciarSesion","fileName":"macroInversionesSteps.java","lineNumber":13},{"declaringClass":"com.MacroQA.aplicativo.runnerSuite.MacroInversionesRunnerSuite","methodName":"testCompraVentaDolares","fileName":"MacroInversionesRunnerSuite.java","lineNumber":44},{"declaringClass":"org.eclipse.jdt.internal.junit4.runner.JUnit4TestReference","methodName":"run","fileName":"JUnit4TestReference.java","lineNumber":89},{"declaringClass":"org.eclipse.jdt.internal.junit.runner.TestExecution","methodName":"run","fileName":"TestExecution.java","lineNumber":41},{"declaringClass":"org.eclipse.jdt.internal.junit.runner.RemoteTestRunner","methodName":"runTests","fileName":"RemoteTestRunner.java","lineNumber":542},{"declaringClass":"org.eclipse.jdt.internal.junit.runner.RemoteTestRunner","methodName":"runTests","fileName":"RemoteTestRunner.java","lineNumber":770},{"declaringClass":"org.eclipse.jdt.internal.junit.runner.RemoteTestRunner","methodName":"run","fileName":"RemoteTestRunner.java","lineNumber":464},{"declaringClass":"org.eclipse.jdt.internal.junit.runner.RemoteTestRunner","methodName":"main","fileName":"RemoteTestRunner.java","lineNumber":210}]},"result":"ERROR","precondition":false},{"number":27,"description":"Compra venta dolares","duration":1,"startTime":"2020-05-18T14:18:09.309-03:00[America/Buenos_Aires]","result":"SKIPPED","precondition":false},{"number":28,"description":"Cerrar sesion","duration":0,"startTime":"2020-05-18T14:18:09.311-03:00[America/Buenos_Aires]","result":"SKIPPED","precondition":false}]}],"userStory":{"id":"com.MacroQA.aplicativo.runnerSuite.MacroInversionesRunnerSuite","storyName":"Macro inversiones runner suite","storyClassName":"com.MacroQA.aplicativo.runnerSuite.MacroInversionesRunnerSuite","path":"com.MacroQA.aplicativo.runnerSuite","type":"story"},"featureTag":{"name":"Runner suite/Macro inversiones runner suite","type":"story"},"title":"Test compra venta dolares","tags":[{"name":"Runner suite/Macro inversiones runner suite","type":"story"}],"startTime":"2020-05-18T14:19:34.103-03:00[America/Buenos_Aires]","duration":0,"dataTable":{"headers":["strUser","strPass","strRecarga"],"rows":[{"values":["\u003c\u003c\u003c\u003c\u003c\u003c\u003c HEAD",null,null],"result":"FAILURE"},{"values":["waltercopa","rr225588","algo"],"result":"ERROR"},{"values":["mauroruffini","rr225588","algo"],"result":"ERROR"},{"values":["\u003d\u003d\u003d\u003d\u003d\u003d\u003d",null,null],"result":"ERROR"},{"values":["maballay","mm774411","Recargas"],"result":"ERROR"},{"values":["rsubelza","rr774411","Recargas"],"result":"ERROR"},{"values":["\u003e\u003e\u003e\u003e\u003e\u003e\u003e 4d799118eca0eb2334e9e887882e8a4b9b720a10",null,null],"result":"ERROR"}],"predefinedRows":false,"dataSetDescriptors":[{"startRow":0,"rowCount":0}]},"manual":false,"result":"ERROR"}