{"name":"testNuestroFondosFCI","id":"com.MacroQA.aplicativo.runnerSuite.MacroInversionesRunnerSuite:testNuestroFondosFCI","testCaseName":"com.MacroQA.aplicativo.runnerSuite.MacroInversionesRunnerSuite","testSteps":[{"number":1,"description":"Test nuestro fondos FCI ","duration":37577,"startTime":"2020-05-18T14:19:34.575-03:00[America/Buenos_Aires]","exception":{"errorType":"net.thucydides.core.webdriver.exceptions.ElementShouldBeEnabledException","message":"The following error occurred: The following error occurred: Expected enabled element was not enabled\nBuild info: version: \u00273.8.1\u0027, revision: \u00276e95a6684b\u0027, time: \u00272017-12-01T18:33:54.468Z\u0027\nSystem info: host: \u0027N-150\u0027, ip: \u002710.1.50.15\u0027, os.name: \u0027Windows 10\u0027, os.arch: \u0027amd64\u0027, os.version: \u002710.0\u0027, java.version: \u00271.8.0_181\u0027\nDriver info: driver.version: unknown\nBuild info: version: \u00273.8.1\u0027, revision: \u00276e95a6684b\u0027, time: \u00272017-12-01T18:33:54.468Z\u0027\nSystem info: host: \u0027N-150\u0027, ip: \u002710.1.50.15\u0027, os.name: \u0027Windows 10\u0027, os.arch: \u0027amd64\u0027, os.version: \u002710.0\u0027, java.version: \u00271.8.0_181\u0027\nDriver info: driver.version: unknown","stackTrace":[{"declaringClass":"com.MacroQA.aplicativo.pageObject.macroInversionesPageObject","methodName":"inversiones","fileName":"macroInversionesPageObject.java","lineNumber":84},{"declaringClass":"com.MacroQA.aplicativo.pageObject.macroInversionesPageObject","methodName":"nuestroFondos","fileName":"macroInversionesPageObject.java","lineNumber":110},{"declaringClass":"com.MacroQA.aplicativo.steps.macroInversionesSteps","methodName":"nuestroFondosFCI","fileName":"macroInversionesSteps.java","lineNumber":34},{"declaringClass":"com.MacroQA.aplicativo.runnerSuite.MacroInversionesRunnerSuite","methodName":"testNuestroFondosFCI","fileName":"MacroInversionesRunnerSuite.java","lineNumber":51},{"declaringClass":"org.eclipse.jdt.internal.junit4.runner.JUnit4TestReference","methodName":"run","fileName":"JUnit4TestReference.java","lineNumber":89},{"declaringClass":"org.eclipse.jdt.internal.junit.runner.TestExecution","methodName":"run","fileName":"TestExecution.java","lineNumber":41},{"declaringClass":"org.eclipse.jdt.internal.junit.runner.RemoteTestRunner","methodName":"runTests","fileName":"RemoteTestRunner.java","lineNumber":542},{"declaringClass":"org.eclipse.jdt.internal.junit.runner.RemoteTestRunner","methodName":"runTests","fileName":"RemoteTestRunner.java","lineNumber":770},{"declaringClass":"org.eclipse.jdt.internal.junit.runner.RemoteTestRunner","methodName":"run","fileName":"RemoteTestRunner.java","lineNumber":464},{"declaringClass":"org.eclipse.jdt.internal.junit.runner.RemoteTestRunner","methodName":"main","fileName":"RemoteTestRunner.java","lineNumber":210}]},"result":"FAILURE","precondition":false,"children":[{"number":2,"description":"Iniciar sesion: \u003c\u003c\u003c\u003c\u003c\u003c\u003c HEAD, \u003cnull\u003e","duration":7489,"startTime":"2020-05-18T14:06:40.701-03:00[America/Buenos_Aires]","screenshots":[{"screenshot":"5cf27df5d09f2e85cfc2f81239825e8ffce537247384c9ad3e334a454f68cca3.png"},{"screenshot":"e603961d84bf557a463a26dd03149bffdb075192c4fc0e04daf5f234df89c9e0.png"}],"result":"SUCCESS","precondition":false},{"number":3,"description":"Nuestro fondos FCI","duration":30087,"startTime":"2020-05-18T14:06:48.191-03:00[America/Buenos_Aires]","exception":{"errorType":"net.thucydides.core.webdriver.exceptions.ElementShouldBeEnabledException","message":"The following error occurred: Expected enabled element was not enabled","stackTrace":[{"declaringClass":"com.MacroQA.aplicativo.pageObject.macroInversionesPageObject","methodName":"inversiones","fileName":"macroInversionesPageObject.java","lineNumber":84},{"declaringClass":"com.MacroQA.aplicativo.pageObject.macroInversionesPageObject","methodName":"nuestroFondos","fileName":"macroInversionesPageObject.java","lineNumber":110},{"declaringClass":"com.MacroQA.aplicativo.steps.macroInversionesSteps","methodName":"nuestroFondosFCI","fileName":"macroInversionesSteps.java","lineNumber":34},{"declaringClass":"com.MacroQA.aplicativo.runnerSuite.MacroInversionesRunnerSuite","methodName":"testNuestroFondosFCI","fileName":"MacroInversionesRunnerSuite.java","lineNumber":51},{"declaringClass":"org.eclipse.jdt.internal.junit4.runner.JUnit4TestReference","methodName":"run","fileName":"JUnit4TestReference.java","lineNumber":89},{"declaringClass":"org.eclipse.jdt.internal.junit.runner.TestExecution","methodName":"run","fileName":"TestExecution.java","lineNumber":41},{"declaringClass":"org.eclipse.jdt.internal.junit.runner.RemoteTestRunner","methodName":"runTests","fileName":"RemoteTestRunner.java","lineNumber":542},{"declaringClass":"org.eclipse.jdt.internal.junit.runner.RemoteTestRunner","methodName":"runTests","fileName":"RemoteTestRunner.java","lineNumber":770},{"declaringClass":"org.eclipse.jdt.internal.junit.runner.RemoteTestRunner","methodName":"run","fileName":"RemoteTestRunner.java","lineNumber":464},{"declaringClass":"org.eclipse.jdt.internal.junit.runner.RemoteTestRunner","methodName":"main","fileName":"RemoteTestRunner.java","lineNumber":210}],"rootCause":{"errorType":"org.openqa.selenium.TimeoutException","message":"Expected condition failed: waiting for macroInversionesPageObject.btnInversiones to be enabled (tried for 5 second(s) with 100 MILLISECONDS interval)","stackTrace":[{"declaringClass":"com.MacroQA.aplicativo.pageObject.macroInversionesPageObject","methodName":"inversiones","fileName":"macroInversionesPageObject.java","lineNumber":84},{"declaringClass":"com.MacroQA.aplicativo.pageObject.macroInversionesPageObject","methodName":"nuestroFondos","fileName":"macroInversionesPageObject.java","lineNumber":110},{"declaringClass":"com.MacroQA.aplicativo.steps.macroInversionesSteps","methodName":"nuestroFondosFCI","fileName":"macroInversionesSteps.java","lineNumber":34},{"declaringClass":"com.MacroQA.aplicativo.runnerSuite.MacroInversionesRunnerSuite","methodName":"testNuestroFondosFCI","fileName":"MacroInversionesRunnerSuite.java","lineNumber":51},{"declaringClass":"org.eclipse.jdt.internal.junit4.runner.JUnit4TestReference","methodName":"run","fileName":"JUnit4TestReference.java","lineNumber":89},{"declaringClass":"org.eclipse.jdt.internal.junit.runner.TestExecution","methodName":"run","fileName":"TestExecution.java","lineNumber":41},{"declaringClass":"org.eclipse.jdt.internal.junit.runner.RemoteTestRunner","methodName":"runTests","fileName":"RemoteTestRunner.java","lineNumber":542},{"declaringClass":"org.eclipse.jdt.internal.junit.runner.RemoteTestRunner","methodName":"runTests","fileName":"RemoteTestRunner.java","lineNumber":770},{"declaringClass":"org.eclipse.jdt.internal.junit.runner.RemoteTestRunner","methodName":"run","fileName":"RemoteTestRunner.java","lineNumber":464},{"declaringClass":"org.eclipse.jdt.internal.junit.runner.RemoteTestRunner","methodName":"main","fileName":"RemoteTestRunner.java","lineNumber":210}],"rootCause":{"errorType":"org.openqa.selenium.NoSuchElementException","message":"Timed out after 10 seconds. Element not found\nFor documentation on this error, please visit: http://seleniumhq.org/exceptions/no_such_element.html\nBuild info: version: \u00273.8.1\u0027, revision: \u00276e95a6684b\u0027, time: \u00272017-12-01T18:33:54.468Z\u0027\nSystem info: host: \u0027N-150\u0027, ip: \u002710.1.50.15\u0027, os.name: \u0027Windows 10\u0027, os.arch: \u0027amd64\u0027, os.version: \u002710.0\u0027, java.version: \u00271.8.0_181\u0027\nDriver info: driver.version: unknown","stackTrace":[{"declaringClass":"com.MacroQA.aplicativo.pageObject.macroInversionesPageObject","methodName":"inversiones","fileName":"macroInversionesPageObject.java","lineNumber":84},{"declaringClass":"com.MacroQA.aplicativo.pageObject.macroInversionesPageObject","methodName":"nuestroFondos","fileName":"macroInversionesPageObject.java","lineNumber":110},{"declaringClass":"com.MacroQA.aplicativo.steps.macroInversionesSteps","methodName":"nuestroFondosFCI","fileName":"macroInversionesSteps.java","lineNumber":34},{"declaringClass":"com.MacroQA.aplicativo.runnerSuite.MacroInversionesRunnerSuite","methodName":"testNuestroFondosFCI","fileName":"MacroInversionesRunnerSuite.java","lineNumber":51},{"declaringClass":"org.eclipse.jdt.internal.junit4.runner.JUnit4TestReference","methodName":"run","fileName":"JUnit4TestReference.java","lineNumber":89},{"declaringClass":"org.eclipse.jdt.internal.junit.runner.TestExecution","methodName":"run","fileName":"TestExecution.java","lineNumber":41},{"declaringClass":"org.eclipse.jdt.internal.junit.runner.RemoteTestRunner","methodName":"runTests","fileName":"RemoteTestRunner.java","lineNumber":542},{"declaringClass":"org.eclipse.jdt.internal.junit.runner.RemoteTestRunner","methodName":"runTests","fileName":"RemoteTestRunner.java","lineNumber":770},{"declaringClass":"org.eclipse.jdt.internal.junit.runner.RemoteTestRunner","methodName":"run","fileName":"RemoteTestRunner.java","lineNumber":464},{"declaringClass":"org.eclipse.jdt.internal.junit.runner.RemoteTestRunner","methodName":"main","fileName":"RemoteTestRunner.java","lineNumber":210}]}}},"result":"FAILURE","precondition":false},{"number":4,"description":"Cerrar sesion","duration":1,"startTime":"2020-05-18T14:07:18.280-03:00[America/Buenos_Aires]","result":"SKIPPED","precondition":false}]},{"number":5,"description":"Test nuestro fondos FCI ","duration":28047,"startTime":"2020-05-18T14:19:34.930-03:00[America/Buenos_Aires]","exception":{"errorType":"org.openqa.selenium.WebDriverException","message":"The following error occurred: The following error occurred: chrome not reachable\n  (Session info: chrome\u003d81.0.4044.138)\nBuild info: version: \u00273.8.1\u0027, revision: \u00276e95a6684b\u0027, time: \u00272017-12-01T18:33:54.468Z\u0027\nSystem info: host: \u0027N-150\u0027, ip: \u002710.1.50.15\u0027, os.name: \u0027Windows 10\u0027, os.arch: \u0027amd64\u0027, os.version: \u002710.0\u0027, java.version: \u00271.8.0_181\u0027\nDriver info: org.openqa.selenium.remote.RemoteWebDriver\nCapabilities {acceptInsecureCerts: false, browserName: chrome, browserVersion: 81.0.4044.138, chrome: {chromedriverVersion: 80.0.3987.106 (f68069574609..., userDataDir: C:\\Users\\MAANA~1.N-1\\AppDat...}, goog:chromeOptions: {debuggerAddress: localhost:60934}, javascriptEnabled: true, networkConnectionEnabled: false, pageLoadStrategy: normal, platform: WINDOWS, platformName: WINDOWS, proxy: Proxy(), setWindowRect: true, strictFileInteractability: false, timeouts: {implicit: 0, pageLoad: 300000, script: 30000}, unhandledPromptBehavior: dismiss and notify}\nSession ID: 7a00fbaf1942eea698d2014ddbcfe174\nBuild info: version: \u00273.8.1\u0027, revision: \u00276e95a6684b\u0027, time: \u00272017-12-01T18:33:54.468Z\u0027\nSystem info: host: \u0027N-150\u0027, ip: \u002710.1.50.15\u0027, os.name: \u0027Windows 10\u0027, os.arch: \u0027amd64\u0027, os.version: \u002710.0\u0027, java.version: \u00271.8.0_181\u0027\nDriver info: driver.version: unknown\nBuild info: version: \u00273.8.1\u0027, revision: \u00276e95a6684b\u0027, time: \u00272017-12-01T18:33:54.468Z\u0027\nSystem info: host: \u0027N-150\u0027, ip: \u002710.1.50.15\u0027, os.name: \u0027Windows 10\u0027, os.arch: \u0027amd64\u0027, os.version: \u002710.0\u0027, java.version: \u00271.8.0_181\u0027\nDriver info: driver.version: unknown","stackTrace":[{"declaringClass":"com.MacroQA.aplicativo.steps.macroInversionesSteps","methodName":"iniciarSesion","fileName":"macroInversionesSteps.java","lineNumber":13},{"declaringClass":"com.MacroQA.aplicativo.runnerSuite.MacroInversionesRunnerSuite","methodName":"testNuestroFondosFCI","fileName":"MacroInversionesRunnerSuite.java","lineNumber":50},{"declaringClass":"org.eclipse.jdt.internal.junit4.runner.JUnit4TestReference","methodName":"run","fileName":"JUnit4TestReference.java","lineNumber":89},{"declaringClass":"org.eclipse.jdt.internal.junit.runner.TestExecution","methodName":"run","fileName":"TestExecution.java","lineNumber":41},{"declaringClass":"org.eclipse.jdt.internal.junit.runner.RemoteTestRunner","methodName":"runTests","fileName":"RemoteTestRunner.java","lineNumber":542},{"declaringClass":"org.eclipse.jdt.internal.junit.runner.RemoteTestRunner","methodName":"runTests","fileName":"RemoteTestRunner.java","lineNumber":770},{"declaringClass":"org.eclipse.jdt.internal.junit.runner.RemoteTestRunner","methodName":"run","fileName":"RemoteTestRunner.java","lineNumber":464},{"declaringClass":"org.eclipse.jdt.internal.junit.runner.RemoteTestRunner","methodName":"main","fileName":"RemoteTestRunner.java","lineNumber":210}]},"result":"ERROR","precondition":false,"children":[{"number":6,"description":"Iniciar sesion: waltercopa, rr225588","duration":28044,"startTime":"2020-05-18T14:08:43.439-03:00[America/Buenos_Aires]","exception":{"errorType":"org.openqa.selenium.WebDriverException","message":"The following error occurred: chrome not reachable\n  (Session info: chrome\u003d81.0.4044.138)\nBuild info: version: \u00273.8.1\u0027, revision: \u00276e95a6684b\u0027, time: \u00272017-12-01T18:33:54.468Z\u0027\nSystem info: host: \u0027N-150\u0027, ip: \u002710.1.50.15\u0027, os.name: \u0027Windows 10\u0027, os.arch: \u0027amd64\u0027, os.version: \u002710.0\u0027, java.version: \u00271.8.0_181\u0027\nDriver info: org.openqa.selenium.remote.RemoteWebDriver\nCapabilities {acceptInsecureCerts: false, browserName: chrome, browserVersion: 81.0.4044.138, chrome: {chromedriverVersion: 80.0.3987.106 (f68069574609..., userDataDir: C:\\Users\\MAANA~1.N-1\\AppDat...}, goog:chromeOptions: {debuggerAddress: localhost:60934}, javascriptEnabled: true, networkConnectionEnabled: false, pageLoadStrategy: normal, platform: WINDOWS, platformName: WINDOWS, proxy: Proxy(), setWindowRect: true, strictFileInteractability: false, timeouts: {implicit: 0, pageLoad: 300000, script: 30000}, unhandledPromptBehavior: dismiss and notify}\nSession ID: 7a00fbaf1942eea698d2014ddbcfe174","stackTrace":[{"declaringClass":"com.MacroQA.aplicativo.steps.macroInversionesSteps","methodName":"iniciarSesion","fileName":"macroInversionesSteps.java","lineNumber":13},{"declaringClass":"com.MacroQA.aplicativo.runnerSuite.MacroInversionesRunnerSuite","methodName":"testNuestroFondosFCI","fileName":"MacroInversionesRunnerSuite.java","lineNumber":50},{"declaringClass":"org.eclipse.jdt.internal.junit4.runner.JUnit4TestReference","methodName":"run","fileName":"JUnit4TestReference.java","lineNumber":89},{"declaringClass":"org.eclipse.jdt.internal.junit.runner.TestExecution","methodName":"run","fileName":"TestExecution.java","lineNumber":41},{"declaringClass":"org.eclipse.jdt.internal.junit.runner.RemoteTestRunner","methodName":"runTests","fileName":"RemoteTestRunner.java","lineNumber":542},{"declaringClass":"org.eclipse.jdt.internal.junit.runner.RemoteTestRunner","methodName":"runTests","fileName":"RemoteTestRunner.java","lineNumber":770},{"declaringClass":"org.eclipse.jdt.internal.junit.runner.RemoteTestRunner","methodName":"run","fileName":"RemoteTestRunner.java","lineNumber":464},{"declaringClass":"org.eclipse.jdt.internal.junit.runner.RemoteTestRunner","methodName":"main","fileName":"RemoteTestRunner.java","lineNumber":210}]},"result":"ERROR","precondition":false},{"number":7,"description":"Nuestro fondos FCI","duration":1,"startTime":"2020-05-18T14:09:11.485-03:00[America/Buenos_Aires]","result":"SKIPPED","precondition":false},{"number":8,"description":"Cerrar sesion","duration":2,"startTime":"2020-05-18T14:09:11.487-03:00[America/Buenos_Aires]","result":"SKIPPED","precondition":false}]},{"number":9,"description":"Test nuestro fondos FCI ","duration":28042,"startTime":"2020-05-18T14:19:34.932-03:00[America/Buenos_Aires]","exception":{"errorType":"org.openqa.selenium.WebDriverException","message":"The following error occurred: The following error occurred: chrome not reachable\n  (Session info: chrome\u003d81.0.4044.138)\nBuild info: version: \u00273.8.1\u0027, revision: \u00276e95a6684b\u0027, time: \u00272017-12-01T18:33:54.468Z\u0027\nSystem info: host: \u0027N-150\u0027, ip: \u002710.1.50.15\u0027, os.name: \u0027Windows 10\u0027, os.arch: \u0027amd64\u0027, os.version: \u002710.0\u0027, java.version: \u00271.8.0_181\u0027\nDriver info: org.openqa.selenium.remote.RemoteWebDriver\nCapabilities {acceptInsecureCerts: false, browserName: chrome, browserVersion: 81.0.4044.138, chrome: {chromedriverVersion: 80.0.3987.106 (f68069574609..., userDataDir: C:\\Users\\MAANA~1.N-1\\AppDat...}, goog:chromeOptions: {debuggerAddress: localhost:60934}, javascriptEnabled: true, networkConnectionEnabled: false, pageLoadStrategy: normal, platform: WINDOWS, platformName: WINDOWS, proxy: Proxy(), setWindowRect: true, strictFileInteractability: false, timeouts: {implicit: 0, pageLoad: 300000, script: 30000}, unhandledPromptBehavior: dismiss and notify}\nSession ID: 7a00fbaf1942eea698d2014ddbcfe174\nBuild info: version: \u00273.8.1\u0027, revision: \u00276e95a6684b\u0027, time: \u00272017-12-01T18:33:54.468Z\u0027\nSystem info: host: \u0027N-150\u0027, ip: \u002710.1.50.15\u0027, os.name: \u0027Windows 10\u0027, os.arch: \u0027amd64\u0027, os.version: \u002710.0\u0027, java.version: \u00271.8.0_181\u0027\nDriver info: driver.version: unknown\nBuild info: version: \u00273.8.1\u0027, revision: \u00276e95a6684b\u0027, time: \u00272017-12-01T18:33:54.468Z\u0027\nSystem info: host: \u0027N-150\u0027, ip: \u002710.1.50.15\u0027, os.name: \u0027Windows 10\u0027, os.arch: \u0027amd64\u0027, os.version: \u002710.0\u0027, java.version: \u00271.8.0_181\u0027\nDriver info: driver.version: unknown","stackTrace":[{"declaringClass":"com.MacroQA.aplicativo.steps.macroInversionesSteps","methodName":"iniciarSesion","fileName":"macroInversionesSteps.java","lineNumber":13},{"declaringClass":"com.MacroQA.aplicativo.runnerSuite.MacroInversionesRunnerSuite","methodName":"testNuestroFondosFCI","fileName":"MacroInversionesRunnerSuite.java","lineNumber":50},{"declaringClass":"org.eclipse.jdt.internal.junit4.runner.JUnit4TestReference","methodName":"run","fileName":"JUnit4TestReference.java","lineNumber":89},{"declaringClass":"org.eclipse.jdt.internal.junit.runner.TestExecution","methodName":"run","fileName":"TestExecution.java","lineNumber":41},{"declaringClass":"org.eclipse.jdt.internal.junit.runner.RemoteTestRunner","methodName":"runTests","fileName":"RemoteTestRunner.java","lineNumber":542},{"declaringClass":"org.eclipse.jdt.internal.junit.runner.RemoteTestRunner","methodName":"runTests","fileName":"RemoteTestRunner.java","lineNumber":770},{"declaringClass":"org.eclipse.jdt.internal.junit.runner.RemoteTestRunner","methodName":"run","fileName":"RemoteTestRunner.java","lineNumber":464},{"declaringClass":"org.eclipse.jdt.internal.junit.runner.RemoteTestRunner","methodName":"main","fileName":"RemoteTestRunner.java","lineNumber":210}]},"result":"ERROR","precondition":false,"children":[{"number":10,"description":"Iniciar sesion: mauroruffini, rr225588","duration":28040,"startTime":"2020-05-18T14:10:36.662-03:00[America/Buenos_Aires]","exception":{"errorType":"org.openqa.selenium.WebDriverException","message":"The following error occurred: chrome not reachable\n  (Session info: chrome\u003d81.0.4044.138)\nBuild info: version: \u00273.8.1\u0027, revision: \u00276e95a6684b\u0027, time: \u00272017-12-01T18:33:54.468Z\u0027\nSystem info: host: \u0027N-150\u0027, ip: \u002710.1.50.15\u0027, os.name: \u0027Windows 10\u0027, os.arch: \u0027amd64\u0027, os.version: \u002710.0\u0027, java.version: \u00271.8.0_181\u0027\nDriver info: org.openqa.selenium.remote.RemoteWebDriver\nCapabilities {acceptInsecureCerts: false, browserName: chrome, browserVersion: 81.0.4044.138, chrome: {chromedriverVersion: 80.0.3987.106 (f68069574609..., userDataDir: C:\\Users\\MAANA~1.N-1\\AppDat...}, goog:chromeOptions: {debuggerAddress: localhost:60934}, javascriptEnabled: true, networkConnectionEnabled: false, pageLoadStrategy: normal, platform: WINDOWS, platformName: WINDOWS, proxy: Proxy(), setWindowRect: true, strictFileInteractability: false, timeouts: {implicit: 0, pageLoad: 300000, script: 30000}, unhandledPromptBehavior: dismiss and notify}\nSession ID: 7a00fbaf1942eea698d2014ddbcfe174","stackTrace":[{"declaringClass":"com.MacroQA.aplicativo.steps.macroInversionesSteps","methodName":"iniciarSesion","fileName":"macroInversionesSteps.java","lineNumber":13},{"declaringClass":"com.MacroQA.aplicativo.runnerSuite.MacroInversionesRunnerSuite","methodName":"testNuestroFondosFCI","fileName":"MacroInversionesRunnerSuite.java","lineNumber":50},{"declaringClass":"org.eclipse.jdt.internal.junit4.runner.JUnit4TestReference","methodName":"run","fileName":"JUnit4TestReference.java","lineNumber":89},{"declaringClass":"org.eclipse.jdt.internal.junit.runner.TestExecution","methodName":"run","fileName":"TestExecution.java","lineNumber":41},{"declaringClass":"org.eclipse.jdt.internal.junit.runner.RemoteTestRunner","methodName":"runTests","fileName":"RemoteTestRunner.java","lineNumber":542},{"declaringClass":"org.eclipse.jdt.internal.junit.runner.RemoteTestRunner","methodName":"runTests","fileName":"RemoteTestRunner.java","lineNumber":770},{"declaringClass":"org.eclipse.jdt.internal.junit.runner.RemoteTestRunner","methodName":"run","fileName":"RemoteTestRunner.java","lineNumber":464},{"declaringClass":"org.eclipse.jdt.internal.junit.runner.RemoteTestRunner","methodName":"main","fileName":"RemoteTestRunner.java","lineNumber":210}]},"result":"ERROR","precondition":false},{"number":11,"description":"Nuestro fondos FCI","duration":1,"startTime":"2020-05-18T14:11:04.704-03:00[America/Buenos_Aires]","result":"SKIPPED","precondition":false},{"number":12,"description":"Cerrar sesion","duration":1,"startTime":"2020-05-18T14:11:04.707-03:00[America/Buenos_Aires]","result":"SKIPPED","precondition":false}]},{"number":13,"description":"Test nuestro fondos FCI ","duration":28039,"startTime":"2020-05-18T14:19:34.935-03:00[America/Buenos_Aires]","exception":{"errorType":"org.openqa.selenium.WebDriverException","message":"The following error occurred: The following error occurred: chrome not reachable\n  (Session info: chrome\u003d81.0.4044.138)\nBuild info: version: \u00273.8.1\u0027, revision: \u00276e95a6684b\u0027, time: \u00272017-12-01T18:33:54.468Z\u0027\nSystem info: host: \u0027N-150\u0027, ip: \u002710.1.50.15\u0027, os.name: \u0027Windows 10\u0027, os.arch: \u0027amd64\u0027, os.version: \u002710.0\u0027, java.version: \u00271.8.0_181\u0027\nDriver info: org.openqa.selenium.remote.RemoteWebDriver\nCapabilities {acceptInsecureCerts: false, browserName: chrome, browserVersion: 81.0.4044.138, chrome: {chromedriverVersion: 80.0.3987.106 (f68069574609..., userDataDir: C:\\Users\\MAANA~1.N-1\\AppDat...}, goog:chromeOptions: {debuggerAddress: localhost:60934}, javascriptEnabled: true, networkConnectionEnabled: false, pageLoadStrategy: normal, platform: WINDOWS, platformName: WINDOWS, proxy: Proxy(), setWindowRect: true, strictFileInteractability: false, timeouts: {implicit: 0, pageLoad: 300000, script: 30000}, unhandledPromptBehavior: dismiss and notify}\nSession ID: 7a00fbaf1942eea698d2014ddbcfe174\nBuild info: version: \u00273.8.1\u0027, revision: \u00276e95a6684b\u0027, time: \u00272017-12-01T18:33:54.468Z\u0027\nSystem info: host: \u0027N-150\u0027, ip: \u002710.1.50.15\u0027, os.name: \u0027Windows 10\u0027, os.arch: \u0027amd64\u0027, os.version: \u002710.0\u0027, java.version: \u00271.8.0_181\u0027\nDriver info: driver.version: unknown\nBuild info: version: \u00273.8.1\u0027, revision: \u00276e95a6684b\u0027, time: \u00272017-12-01T18:33:54.468Z\u0027\nSystem info: host: \u0027N-150\u0027, ip: \u002710.1.50.15\u0027, os.name: \u0027Windows 10\u0027, os.arch: \u0027amd64\u0027, os.version: \u002710.0\u0027, java.version: \u00271.8.0_181\u0027\nDriver info: driver.version: unknown","stackTrace":[{"declaringClass":"com.MacroQA.aplicativo.steps.macroInversionesSteps","methodName":"iniciarSesion","fileName":"macroInversionesSteps.java","lineNumber":13},{"declaringClass":"com.MacroQA.aplicativo.runnerSuite.MacroInversionesRunnerSuite","methodName":"testNuestroFondosFCI","fileName":"MacroInversionesRunnerSuite.java","lineNumber":50},{"declaringClass":"org.eclipse.jdt.internal.junit4.runner.JUnit4TestReference","methodName":"run","fileName":"JUnit4TestReference.java","lineNumber":89},{"declaringClass":"org.eclipse.jdt.internal.junit.runner.TestExecution","methodName":"run","fileName":"TestExecution.java","lineNumber":41},{"declaringClass":"org.eclipse.jdt.internal.junit.runner.RemoteTestRunner","methodName":"runTests","fileName":"RemoteTestRunner.java","lineNumber":542},{"declaringClass":"org.eclipse.jdt.internal.junit.runner.RemoteTestRunner","methodName":"runTests","fileName":"RemoteTestRunner.java","lineNumber":770},{"declaringClass":"org.eclipse.jdt.internal.junit.runner.RemoteTestRunner","methodName":"run","fileName":"RemoteTestRunner.java","lineNumber":464},{"declaringClass":"org.eclipse.jdt.internal.junit.runner.RemoteTestRunner","methodName":"main","fileName":"RemoteTestRunner.java","lineNumber":210}]},"result":"ERROR","precondition":false,"children":[{"number":14,"description":"Iniciar sesion: \u003d\u003d\u003d\u003d\u003d\u003d\u003d, \u003cnull\u003e","duration":28037,"startTime":"2020-05-18T14:12:29.852-03:00[America/Buenos_Aires]","exception":{"errorType":"org.openqa.selenium.WebDriverException","message":"The following error occurred: chrome not reachable\n  (Session info: chrome\u003d81.0.4044.138)\nBuild info: version: \u00273.8.1\u0027, revision: \u00276e95a6684b\u0027, time: \u00272017-12-01T18:33:54.468Z\u0027\nSystem info: host: \u0027N-150\u0027, ip: \u002710.1.50.15\u0027, os.name: \u0027Windows 10\u0027, os.arch: \u0027amd64\u0027, os.version: \u002710.0\u0027, java.version: \u00271.8.0_181\u0027\nDriver info: org.openqa.selenium.remote.RemoteWebDriver\nCapabilities {acceptInsecureCerts: false, browserName: chrome, browserVersion: 81.0.4044.138, chrome: {chromedriverVersion: 80.0.3987.106 (f68069574609..., userDataDir: C:\\Users\\MAANA~1.N-1\\AppDat...}, goog:chromeOptions: {debuggerAddress: localhost:60934}, javascriptEnabled: true, networkConnectionEnabled: false, pageLoadStrategy: normal, platform: WINDOWS, platformName: WINDOWS, proxy: Proxy(), setWindowRect: true, strictFileInteractability: false, timeouts: {implicit: 0, pageLoad: 300000, script: 30000}, unhandledPromptBehavior: dismiss and notify}\nSession ID: 7a00fbaf1942eea698d2014ddbcfe174","stackTrace":[{"declaringClass":"com.MacroQA.aplicativo.steps.macroInversionesSteps","methodName":"iniciarSesion","fileName":"macroInversionesSteps.java","lineNumber":13},{"declaringClass":"com.MacroQA.aplicativo.runnerSuite.MacroInversionesRunnerSuite","methodName":"testNuestroFondosFCI","fileName":"MacroInversionesRunnerSuite.java","lineNumber":50},{"declaringClass":"org.eclipse.jdt.internal.junit4.runner.JUnit4TestReference","methodName":"run","fileName":"JUnit4TestReference.java","lineNumber":89},{"declaringClass":"org.eclipse.jdt.internal.junit.runner.TestExecution","methodName":"run","fileName":"TestExecution.java","lineNumber":41},{"declaringClass":"org.eclipse.jdt.internal.junit.runner.RemoteTestRunner","methodName":"runTests","fileName":"RemoteTestRunner.java","lineNumber":542},{"declaringClass":"org.eclipse.jdt.internal.junit.runner.RemoteTestRunner","methodName":"runTests","fileName":"RemoteTestRunner.java","lineNumber":770},{"declaringClass":"org.eclipse.jdt.internal.junit.runner.RemoteTestRunner","methodName":"run","fileName":"RemoteTestRunner.java","lineNumber":464},{"declaringClass":"org.eclipse.jdt.internal.junit.runner.RemoteTestRunner","methodName":"main","fileName":"RemoteTestRunner.java","lineNumber":210}]},"result":"ERROR","precondition":false},{"number":15,"description":"Nuestro fondos FCI","duration":1,"startTime":"2020-05-18T14:12:57.892-03:00[America/Buenos_Aires]","result":"SKIPPED","precondition":false},{"number":16,"description":"Cerrar sesion","duration":1,"startTime":"2020-05-18T14:12:57.895-03:00[America/Buenos_Aires]","result":"SKIPPED","precondition":false}]},{"number":17,"description":"Test nuestro fondos FCI ","duration":28039,"startTime":"2020-05-18T14:19:34.936-03:00[America/Buenos_Aires]","exception":{"errorType":"org.openqa.selenium.WebDriverException","message":"The following error occurred: The following error occurred: chrome not reachable\n  (Session info: chrome\u003d81.0.4044.138)\nBuild info: version: \u00273.8.1\u0027, revision: \u00276e95a6684b\u0027, time: \u00272017-12-01T18:33:54.468Z\u0027\nSystem info: host: \u0027N-150\u0027, ip: \u002710.1.50.15\u0027, os.name: \u0027Windows 10\u0027, os.arch: \u0027amd64\u0027, os.version: \u002710.0\u0027, java.version: \u00271.8.0_181\u0027\nDriver info: org.openqa.selenium.remote.RemoteWebDriver\nCapabilities {acceptInsecureCerts: false, browserName: chrome, browserVersion: 81.0.4044.138, chrome: {chromedriverVersion: 80.0.3987.106 (f68069574609..., userDataDir: C:\\Users\\MAANA~1.N-1\\AppDat...}, goog:chromeOptions: {debuggerAddress: localhost:60934}, javascriptEnabled: true, networkConnectionEnabled: false, pageLoadStrategy: normal, platform: WINDOWS, platformName: WINDOWS, proxy: Proxy(), setWindowRect: true, strictFileInteractability: false, timeouts: {implicit: 0, pageLoad: 300000, script: 30000}, unhandledPromptBehavior: dismiss and notify}\nSession ID: 7a00fbaf1942eea698d2014ddbcfe174\nBuild info: version: \u00273.8.1\u0027, revision: \u00276e95a6684b\u0027, time: \u00272017-12-01T18:33:54.468Z\u0027\nSystem info: host: \u0027N-150\u0027, ip: \u002710.1.50.15\u0027, os.name: \u0027Windows 10\u0027, os.arch: \u0027amd64\u0027, os.version: \u002710.0\u0027, java.version: \u00271.8.0_181\u0027\nDriver info: driver.version: unknown\nBuild info: version: \u00273.8.1\u0027, revision: \u00276e95a6684b\u0027, time: \u00272017-12-01T18:33:54.468Z\u0027\nSystem info: host: \u0027N-150\u0027, ip: \u002710.1.50.15\u0027, os.name: \u0027Windows 10\u0027, os.arch: \u0027amd64\u0027, os.version: \u002710.0\u0027, java.version: \u00271.8.0_181\u0027\nDriver info: driver.version: unknown","stackTrace":[{"declaringClass":"com.MacroQA.aplicativo.steps.macroInversionesSteps","methodName":"iniciarSesion","fileName":"macroInversionesSteps.java","lineNumber":13},{"declaringClass":"com.MacroQA.aplicativo.runnerSuite.MacroInversionesRunnerSuite","methodName":"testNuestroFondosFCI","fileName":"MacroInversionesRunnerSuite.java","lineNumber":50},{"declaringClass":"org.eclipse.jdt.internal.junit4.runner.JUnit4TestReference","methodName":"run","fileName":"JUnit4TestReference.java","lineNumber":89},{"declaringClass":"org.eclipse.jdt.internal.junit.runner.TestExecution","methodName":"run","fileName":"TestExecution.java","lineNumber":41},{"declaringClass":"org.eclipse.jdt.internal.junit.runner.RemoteTestRunner","methodName":"runTests","fileName":"RemoteTestRunner.java","lineNumber":542},{"declaringClass":"org.eclipse.jdt.internal.junit.runner.RemoteTestRunner","methodName":"runTests","fileName":"RemoteTestRunner.java","lineNumber":770},{"declaringClass":"org.eclipse.jdt.internal.junit.runner.RemoteTestRunner","methodName":"run","fileName":"RemoteTestRunner.java","lineNumber":464},{"declaringClass":"org.eclipse.jdt.internal.junit.runner.RemoteTestRunner","methodName":"main","fileName":"RemoteTestRunner.java","lineNumber":210}]},"result":"ERROR","precondition":false,"children":[{"number":18,"description":"Iniciar sesion: maballay, mm774411","duration":28036,"startTime":"2020-05-18T14:14:22.984-03:00[America/Buenos_Aires]","exception":{"errorType":"org.openqa.selenium.WebDriverException","message":"The following error occurred: chrome not reachable\n  (Session info: chrome\u003d81.0.4044.138)\nBuild info: version: \u00273.8.1\u0027, revision: \u00276e95a6684b\u0027, time: \u00272017-12-01T18:33:54.468Z\u0027\nSystem info: host: \u0027N-150\u0027, ip: \u002710.1.50.15\u0027, os.name: \u0027Windows 10\u0027, os.arch: \u0027amd64\u0027, os.version: \u002710.0\u0027, java.version: \u00271.8.0_181\u0027\nDriver info: org.openqa.selenium.remote.RemoteWebDriver\nCapabilities {acceptInsecureCerts: false, browserName: chrome, browserVersion: 81.0.4044.138, chrome: {chromedriverVersion: 80.0.3987.106 (f68069574609..., userDataDir: C:\\Users\\MAANA~1.N-1\\AppDat...}, goog:chromeOptions: {debuggerAddress: localhost:60934}, javascriptEnabled: true, networkConnectionEnabled: false, pageLoadStrategy: normal, platform: WINDOWS, platformName: WINDOWS, proxy: Proxy(), setWindowRect: true, strictFileInteractability: false, timeouts: {implicit: 0, pageLoad: 300000, script: 30000}, unhandledPromptBehavior: dismiss and notify}\nSession ID: 7a00fbaf1942eea698d2014ddbcfe174","stackTrace":[{"declaringClass":"com.MacroQA.aplicativo.steps.macroInversionesSteps","methodName":"iniciarSesion","fileName":"macroInversionesSteps.java","lineNumber":13},{"declaringClass":"com.MacroQA.aplicativo.runnerSuite.MacroInversionesRunnerSuite","methodName":"testNuestroFondosFCI","fileName":"MacroInversionesRunnerSuite.java","lineNumber":50},{"declaringClass":"org.eclipse.jdt.internal.junit4.runner.JUnit4TestReference","methodName":"run","fileName":"JUnit4TestReference.java","lineNumber":89},{"declaringClass":"org.eclipse.jdt.internal.junit.runner.TestExecution","methodName":"run","fileName":"TestExecution.java","lineNumber":41},{"declaringClass":"org.eclipse.jdt.internal.junit.runner.RemoteTestRunner","methodName":"runTests","fileName":"RemoteTestRunner.java","lineNumber":542},{"declaringClass":"org.eclipse.jdt.internal.junit.runner.RemoteTestRunner","methodName":"runTests","fileName":"RemoteTestRunner.java","lineNumber":770},{"declaringClass":"org.eclipse.jdt.internal.junit.runner.RemoteTestRunner","methodName":"run","fileName":"RemoteTestRunner.java","lineNumber":464},{"declaringClass":"org.eclipse.jdt.internal.junit.runner.RemoteTestRunner","methodName":"main","fileName":"RemoteTestRunner.java","lineNumber":210}]},"result":"ERROR","precondition":false},{"number":19,"description":"Nuestro fondos FCI","duration":2,"startTime":"2020-05-18T14:14:51.021-03:00[America/Buenos_Aires]","result":"SKIPPED","precondition":false},{"number":20,"description":"Cerrar sesion","duration":1,"startTime":"2020-05-18T14:14:51.025-03:00[America/Buenos_Aires]","result":"SKIPPED","precondition":false}]},{"number":21,"description":"Test nuestro fondos FCI ","duration":28040,"startTime":"2020-05-18T14:19:34.939-03:00[America/Buenos_Aires]","exception":{"errorType":"org.openqa.selenium.WebDriverException","message":"The following error occurred: The following error occurred: chrome not reachable\n  (Session info: chrome\u003d81.0.4044.138)\nBuild info: version: \u00273.8.1\u0027, revision: \u00276e95a6684b\u0027, time: \u00272017-12-01T18:33:54.468Z\u0027\nSystem info: host: \u0027N-150\u0027, ip: \u002710.1.50.15\u0027, os.name: \u0027Windows 10\u0027, os.arch: \u0027amd64\u0027, os.version: \u002710.0\u0027, java.version: \u00271.8.0_181\u0027\nDriver info: org.openqa.selenium.remote.RemoteWebDriver\nCapabilities {acceptInsecureCerts: false, browserName: chrome, browserVersion: 81.0.4044.138, chrome: {chromedriverVersion: 80.0.3987.106 (f68069574609..., userDataDir: C:\\Users\\MAANA~1.N-1\\AppDat...}, goog:chromeOptions: {debuggerAddress: localhost:60934}, javascriptEnabled: true, networkConnectionEnabled: false, pageLoadStrategy: normal, platform: WINDOWS, platformName: WINDOWS, proxy: Proxy(), setWindowRect: true, strictFileInteractability: false, timeouts: {implicit: 0, pageLoad: 300000, script: 30000}, unhandledPromptBehavior: dismiss and notify}\nSession ID: 7a00fbaf1942eea698d2014ddbcfe174\nBuild info: version: \u00273.8.1\u0027, revision: \u00276e95a6684b\u0027, time: \u00272017-12-01T18:33:54.468Z\u0027\nSystem info: host: \u0027N-150\u0027, ip: \u002710.1.50.15\u0027, os.name: \u0027Windows 10\u0027, os.arch: \u0027amd64\u0027, os.version: \u002710.0\u0027, java.version: \u00271.8.0_181\u0027\nDriver info: driver.version: unknown\nBuild info: version: \u00273.8.1\u0027, revision: \u00276e95a6684b\u0027, time: \u00272017-12-01T18:33:54.468Z\u0027\nSystem info: host: \u0027N-150\u0027, ip: \u002710.1.50.15\u0027, os.name: \u0027Windows 10\u0027, os.arch: \u0027amd64\u0027, os.version: \u002710.0\u0027, java.version: \u00271.8.0_181\u0027\nDriver info: driver.version: unknown","stackTrace":[{"declaringClass":"com.MacroQA.aplicativo.steps.macroInversionesSteps","methodName":"iniciarSesion","fileName":"macroInversionesSteps.java","lineNumber":13},{"declaringClass":"com.MacroQA.aplicativo.runnerSuite.MacroInversionesRunnerSuite","methodName":"testNuestroFondosFCI","fileName":"MacroInversionesRunnerSuite.java","lineNumber":50},{"declaringClass":"org.eclipse.jdt.internal.junit4.runner.JUnit4TestReference","methodName":"run","fileName":"JUnit4TestReference.java","lineNumber":89},{"declaringClass":"org.eclipse.jdt.internal.junit.runner.TestExecution","methodName":"run","fileName":"TestExecution.java","lineNumber":41},{"declaringClass":"org.eclipse.jdt.internal.junit.runner.RemoteTestRunner","methodName":"runTests","fileName":"RemoteTestRunner.java","lineNumber":542},{"declaringClass":"org.eclipse.jdt.internal.junit.runner.RemoteTestRunner","methodName":"runTests","fileName":"RemoteTestRunner.java","lineNumber":770},{"declaringClass":"org.eclipse.jdt.internal.junit.runner.RemoteTestRunner","methodName":"run","fileName":"RemoteTestRunner.java","lineNumber":464},{"declaringClass":"org.eclipse.jdt.internal.junit.runner.RemoteTestRunner","methodName":"main","fileName":"RemoteTestRunner.java","lineNumber":210}]},"result":"ERROR","precondition":false,"children":[{"number":22,"description":"Iniciar sesion: rsubelza, rr774411","duration":28039,"startTime":"2020-05-18T14:16:16.127-03:00[America/Buenos_Aires]","exception":{"errorType":"org.openqa.selenium.WebDriverException","message":"The following error occurred: chrome not reachable\n  (Session info: chrome\u003d81.0.4044.138)\nBuild info: version: \u00273.8.1\u0027, revision: \u00276e95a6684b\u0027, time: \u00272017-12-01T18:33:54.468Z\u0027\nSystem info: host: \u0027N-150\u0027, ip: \u002710.1.50.15\u0027, os.name: \u0027Windows 10\u0027, os.arch: \u0027amd64\u0027, os.version: \u002710.0\u0027, java.version: \u00271.8.0_181\u0027\nDriver info: org.openqa.selenium.remote.RemoteWebDriver\nCapabilities {acceptInsecureCerts: false, browserName: chrome, browserVersion: 81.0.4044.138, chrome: {chromedriverVersion: 80.0.3987.106 (f68069574609..., userDataDir: C:\\Users\\MAANA~1.N-1\\AppDat...}, goog:chromeOptions: {debuggerAddress: localhost:60934}, javascriptEnabled: true, networkConnectionEnabled: false, pageLoadStrategy: normal, platform: WINDOWS, platformName: WINDOWS, proxy: Proxy(), setWindowRect: true, strictFileInteractability: false, timeouts: {implicit: 0, pageLoad: 300000, script: 30000}, unhandledPromptBehavior: dismiss and notify}\nSession ID: 7a00fbaf1942eea698d2014ddbcfe174","stackTrace":[{"declaringClass":"com.MacroQA.aplicativo.steps.macroInversionesSteps","methodName":"iniciarSesion","fileName":"macroInversionesSteps.java","lineNumber":13},{"declaringClass":"com.MacroQA.aplicativo.runnerSuite.MacroInversionesRunnerSuite","methodName":"testNuestroFondosFCI","fileName":"MacroInversionesRunnerSuite.java","lineNumber":50},{"declaringClass":"org.eclipse.jdt.internal.junit4.runner.JUnit4TestReference","methodName":"run","fileName":"JUnit4TestReference.java","lineNumber":89},{"declaringClass":"org.eclipse.jdt.internal.junit.runner.TestExecution","methodName":"run","fileName":"TestExecution.java","lineNumber":41},{"declaringClass":"org.eclipse.jdt.internal.junit.runner.RemoteTestRunner","methodName":"runTests","fileName":"RemoteTestRunner.java","lineNumber":542},{"declaringClass":"org.eclipse.jdt.internal.junit.runner.RemoteTestRunner","methodName":"runTests","fileName":"RemoteTestRunner.java","lineNumber":770},{"declaringClass":"org.eclipse.jdt.internal.junit.runner.RemoteTestRunner","methodName":"run","fileName":"RemoteTestRunner.java","lineNumber":464},{"declaringClass":"org.eclipse.jdt.internal.junit.runner.RemoteTestRunner","methodName":"main","fileName":"RemoteTestRunner.java","lineNumber":210}]},"result":"ERROR","precondition":false},{"number":23,"description":"Nuestro fondos FCI","duration":1,"startTime":"2020-05-18T14:16:44.167-03:00[America/Buenos_Aires]","result":"SKIPPED","precondition":false},{"number":24,"description":"Cerrar sesion","duration":0,"startTime":"2020-05-18T14:16:44.169-03:00[America/Buenos_Aires]","result":"SKIPPED","precondition":false}]},{"number":25,"description":"Test nuestro fondos FCI ","duration":28037,"startTime":"2020-05-18T14:19:34.942-03:00[America/Buenos_Aires]","exception":{"errorType":"org.openqa.selenium.WebDriverException","message":"The following error occurred: The following error occurred: chrome not reachable\n  (Session info: chrome\u003d81.0.4044.138)\nBuild info: version: \u00273.8.1\u0027, revision: \u00276e95a6684b\u0027, time: \u00272017-12-01T18:33:54.468Z\u0027\nSystem info: host: \u0027N-150\u0027, ip: \u002710.1.50.15\u0027, os.name: \u0027Windows 10\u0027, os.arch: \u0027amd64\u0027, os.version: \u002710.0\u0027, java.version: \u00271.8.0_181\u0027\nDriver info: org.openqa.selenium.remote.RemoteWebDriver\nCapabilities {acceptInsecureCerts: false, browserName: chrome, browserVersion: 81.0.4044.138, chrome: {chromedriverVersion: 80.0.3987.106 (f68069574609..., userDataDir: C:\\Users\\MAANA~1.N-1\\AppDat...}, goog:chromeOptions: {debuggerAddress: localhost:60934}, javascriptEnabled: true, networkConnectionEnabled: false, pageLoadStrategy: normal, platform: WINDOWS, platformName: WINDOWS, proxy: Proxy(), setWindowRect: true, strictFileInteractability: false, timeouts: {implicit: 0, pageLoad: 300000, script: 30000}, unhandledPromptBehavior: dismiss and notify}\nSession ID: 7a00fbaf1942eea698d2014ddbcfe174\nBuild info: version: \u00273.8.1\u0027, revision: \u00276e95a6684b\u0027, time: \u00272017-12-01T18:33:54.468Z\u0027\nSystem info: host: \u0027N-150\u0027, ip: \u002710.1.50.15\u0027, os.name: \u0027Windows 10\u0027, os.arch: \u0027amd64\u0027, os.version: \u002710.0\u0027, java.version: \u00271.8.0_181\u0027\nDriver info: driver.version: unknown\nBuild info: version: \u00273.8.1\u0027, revision: \u00276e95a6684b\u0027, time: \u00272017-12-01T18:33:54.468Z\u0027\nSystem info: host: \u0027N-150\u0027, ip: \u002710.1.50.15\u0027, os.name: \u0027Windows 10\u0027, os.arch: \u0027amd64\u0027, os.version: \u002710.0\u0027, java.version: \u00271.8.0_181\u0027\nDriver info: driver.version: unknown","stackTrace":[{"declaringClass":"com.MacroQA.aplicativo.steps.macroInversionesSteps","methodName":"iniciarSesion","fileName":"macroInversionesSteps.java","lineNumber":13},{"declaringClass":"com.MacroQA.aplicativo.runnerSuite.MacroInversionesRunnerSuite","methodName":"testNuestroFondosFCI","fileName":"MacroInversionesRunnerSuite.java","lineNumber":50},{"declaringClass":"org.eclipse.jdt.internal.junit4.runner.JUnit4TestReference","methodName":"run","fileName":"JUnit4TestReference.java","lineNumber":89},{"declaringClass":"org.eclipse.jdt.internal.junit.runner.TestExecution","methodName":"run","fileName":"TestExecution.java","lineNumber":41},{"declaringClass":"org.eclipse.jdt.internal.junit.runner.RemoteTestRunner","methodName":"runTests","fileName":"RemoteTestRunner.java","lineNumber":542},{"declaringClass":"org.eclipse.jdt.internal.junit.runner.RemoteTestRunner","methodName":"runTests","fileName":"RemoteTestRunner.java","lineNumber":770},{"declaringClass":"org.eclipse.jdt.internal.junit.runner.RemoteTestRunner","methodName":"run","fileName":"RemoteTestRunner.java","lineNumber":464},{"declaringClass":"org.eclipse.jdt.internal.junit.runner.RemoteTestRunner","methodName":"main","fileName":"RemoteTestRunner.java","lineNumber":210}]},"result":"ERROR","precondition":false,"children":[{"number":26,"description":"Iniciar sesion: \u003e\u003e\u003e\u003e\u003e\u003e\u003e 4d799118eca0eb2334e9e887882e8a4b9b720a10, \u003cnull\u003e","duration":28035,"startTime":"2020-05-18T14:18:09.516-03:00[America/Buenos_Aires]","exception":{"errorType":"org.openqa.selenium.WebDriverException","message":"The following error occurred: chrome not reachable\n  (Session info: chrome\u003d81.0.4044.138)\nBuild info: version: \u00273.8.1\u0027, revision: \u00276e95a6684b\u0027, time: \u00272017-12-01T18:33:54.468Z\u0027\nSystem info: host: \u0027N-150\u0027, ip: \u002710.1.50.15\u0027, os.name: \u0027Windows 10\u0027, os.arch: \u0027amd64\u0027, os.version: \u002710.0\u0027, java.version: \u00271.8.0_181\u0027\nDriver info: org.openqa.selenium.remote.RemoteWebDriver\nCapabilities {acceptInsecureCerts: false, browserName: chrome, browserVersion: 81.0.4044.138, chrome: {chromedriverVersion: 80.0.3987.106 (f68069574609..., userDataDir: C:\\Users\\MAANA~1.N-1\\AppDat...}, goog:chromeOptions: {debuggerAddress: localhost:60934}, javascriptEnabled: true, networkConnectionEnabled: false, pageLoadStrategy: normal, platform: WINDOWS, platformName: WINDOWS, proxy: Proxy(), setWindowRect: true, strictFileInteractability: false, timeouts: {implicit: 0, pageLoad: 300000, script: 30000}, unhandledPromptBehavior: dismiss and notify}\nSession ID: 7a00fbaf1942eea698d2014ddbcfe174","stackTrace":[{"declaringClass":"com.MacroQA.aplicativo.steps.macroInversionesSteps","methodName":"iniciarSesion","fileName":"macroInversionesSteps.java","lineNumber":13},{"declaringClass":"com.MacroQA.aplicativo.runnerSuite.MacroInversionesRunnerSuite","methodName":"testNuestroFondosFCI","fileName":"MacroInversionesRunnerSuite.java","lineNumber":50},{"declaringClass":"org.eclipse.jdt.internal.junit4.runner.JUnit4TestReference","methodName":"run","fileName":"JUnit4TestReference.java","lineNumber":89},{"declaringClass":"org.eclipse.jdt.internal.junit.runner.TestExecution","methodName":"run","fileName":"TestExecution.java","lineNumber":41},{"declaringClass":"org.eclipse.jdt.internal.junit.runner.RemoteTestRunner","methodName":"runTests","fileName":"RemoteTestRunner.java","lineNumber":542},{"declaringClass":"org.eclipse.jdt.internal.junit.runner.RemoteTestRunner","methodName":"runTests","fileName":"RemoteTestRunner.java","lineNumber":770},{"declaringClass":"org.eclipse.jdt.internal.junit.runner.RemoteTestRunner","methodName":"run","fileName":"RemoteTestRunner.java","lineNumber":464},{"declaringClass":"org.eclipse.jdt.internal.junit.runner.RemoteTestRunner","methodName":"main","fileName":"RemoteTestRunner.java","lineNumber":210}]},"result":"ERROR","precondition":false},{"number":27,"description":"Nuestro fondos FCI","duration":1,"startTime":"2020-05-18T14:18:37.553-03:00[America/Buenos_Aires]","result":"SKIPPED","precondition":false},{"number":28,"description":"Cerrar sesion","duration":1,"startTime":"2020-05-18T14:18:37.556-03:00[America/Buenos_Aires]","result":"SKIPPED","precondition":false}]}],"userStory":{"id":"com.MacroQA.aplicativo.runnerSuite.MacroInversionesRunnerSuite","storyName":"Macro inversiones runner suite","storyClassName":"com.MacroQA.aplicativo.runnerSuite.MacroInversionesRunnerSuite","path":"com.MacroQA.aplicativo.runnerSuite","type":"story"},"featureTag":{"name":"Runner suite/Macro inversiones runner suite","type":"story"},"title":"Test nuestro fondos FCI","tags":[{"name":"Runner suite/Macro inversiones runner suite","type":"story"}],"startTime":"2020-05-18T14:19:34.410-03:00[America/Buenos_Aires]","duration":0,"dataTable":{"headers":["strUser","strPass","strRecarga"],"rows":[{"values":["\u003c\u003c\u003c\u003c\u003c\u003c\u003c HEAD",null,null],"result":"FAILURE"},{"values":["waltercopa","rr225588","algo"],"result":"ERROR"},{"values":["mauroruffini","rr225588","algo"],"result":"ERROR"},{"values":["\u003d\u003d\u003d\u003d\u003d\u003d\u003d",null,null],"result":"ERROR"},{"values":["maballay","mm774411","Recargas"],"result":"ERROR"},{"values":["rsubelza","rr774411","Recargas"],"result":"ERROR"},{"values":["\u003e\u003e\u003e\u003e\u003e\u003e\u003e 4d799118eca0eb2334e9e887882e8a4b9b720a10",null,null],"result":"ERROR"}],"predefinedRows":false,"dataSetDescriptors":[{"startRow":0,"rowCount":0}]},"manual":false,"result":"ERROR"}